[2019-04-16T15:29:55.627] [WARN] default - 38号任务正在执行
[2019-04-16T15:29:56.079] [WARN] default - 停止38号任务
[2019-04-16T15:29:57.440] [WARN] default - 没有正在执行的任务
[2019-04-16T15:29:57.929] [WARN] default - 开始执行任务38
[2019-04-16T15:29:58.465] [WARN] default - 没有正在执行的任务
[2019-04-16T15:29:59.116] [WARN] default - 没有等待执行的任务
[2019-04-16T15:29:59.446] [WARN] default - 有一个任务正在执行
[2019-04-16T15:30:01.446] [WARN] default - 有一个任务正在执行
[2019-04-16T15:30:02.851] [INFO] default - 开始解析:C:\Users\great\Desktop\data\新建文件夹/2019-03-01 00-1.log
[2019-04-16T15:30:02.904] [INFO] default - C:\Users\great\Desktop\data\新建文件夹/2019-03-01 00-1.log解析完毕
[2019-04-16T15:30:02.905] [INFO] default - 开始解析:C:\Users\great\Desktop\data\新建文件夹/2019-03-01 01-0.log
[2019-04-16T15:30:02.907] [INFO] default - C:\Users\great\Desktop\data\新建文件夹/2019-03-01 01-0.log解析完毕
[2019-04-16T15:30:02.907] [INFO] default - 开始解析:C:\Users\great\Desktop\data\新建文件夹/2019-03-01 01-1.log
[2019-04-16T15:30:02.908] [INFO] default - C:\Users\great\Desktop\data\新建文件夹/2019-03-01 01-1.log解析完毕
[2019-04-16T15:30:03.648] [WARN] default - 有一个任务正在执行
[2019-04-16T15:30:04.518] [WARN] default - 有一个任务正在执行
[2019-04-16T15:30:05.479] [WARN] default - 有一个任务正在执行
[2019-04-16T15:30:06.448] [WARN] default - 有一个任务正在执行
[2019-04-16T15:30:07.420] [INFO] default - 生成新的表格
[2019-04-16T15:30:07.424] [INFO] default - 38号任务执行成功
[2019-04-16T15:30:07.427] [WARN] default - 没有正在执行的任务
[2019-04-16T15:30:07.886] [WARN] default - 没有等待执行的任务
[2019-04-16T15:30:08.427] [WARN] default - 没有正在执行的任务
[2019-04-16T15:30:08.438] [WARN] default - 没有正在执行的任务
[2019-04-16T15:30:09.120] [WARN] default - 没有等待执行的任务
[2019-04-16T15:30:09.121] [WARN] default - 没有等待执行的任务
[2019-04-16T15:30:09.466] [WARN] default - 没有正在执行的任务
[2019-04-16T15:30:09.914] [WARN] default - 没有等待执行的任务
[2019-04-16T15:30:10.490] [WARN] default - 没有正在执行的任务
[2019-04-16T15:30:10.962] [WARN] default - 没有等待执行的任务
[2019-04-16T15:30:11.445] [WARN] default - 没有正在执行的任务
[2019-04-16T15:30:11.885] [WARN] default - 没有等待执行的任务
[2019-04-16T15:30:12.419] [WARN] default - 没有正在执行的任务
[2019-04-16T15:30:12.848] [WARN] default - 没有等待执行的任务
[2019-04-16T15:33:21.495] [WARN] default - 没有正在执行的任务
[2019-04-16T15:33:21.977] [WARN] default - 开始执行任务38
[2019-04-16T15:33:22.443] [WARN] default - 没有正在执行的任务
[2019-04-16T15:33:22.899] [WARN] default - 没有等待执行的任务
[2019-04-16T15:33:23.468] [WARN] default - 有一个任务正在执行
[2019-04-16T15:33:25.845] [INFO] default - 开始解析:C:\Users\great\Desktop\data\新建文件夹/2019-03-01 00-1.log
[2019-04-16T15:33:25.886] [INFO] default - C:\Users\great\Desktop\data\新建文件夹/2019-03-01 00-1.log解析完毕
[2019-04-16T15:33:25.888] [INFO] default - 开始解析:C:\Users\great\Desktop\data\新建文件夹/2019-03-01 01-0.log
[2019-04-16T15:33:25.892] [INFO] default - C:\Users\great\Desktop\data\新建文件夹/2019-03-01 01-0.log解析完毕
[2019-04-16T15:33:25.892] [INFO] default - 开始解析:C:\Users\great\Desktop\data\新建文件夹/2019-03-01 01-1.log
[2019-04-16T15:33:25.892] [INFO] default - C:\Users\great\Desktop\data\新建文件夹/2019-03-01 01-1.log解析完毕
[2019-04-16T15:33:26.641] [WARN] default - 有一个任务正在执行
[2019-04-16T15:33:27.499] [WARN] default - 有一个任务正在执行
[2019-04-16T15:33:27.513] [WARN] default - 有一个任务正在执行
[2019-04-16T15:33:28.993] [WARN] default - 有一个任务正在执行
[2019-04-16T15:33:29.010] [WARN] default - 有一个任务正在执行
[2019-04-16T15:33:29.608] [WARN] default - 有一个任务正在执行
[2019-04-16T15:33:30.497] [WARN] default - 有一个任务正在执行
[2019-04-16T15:33:31.431] [WARN] default - 有一个任务正在执行
[2019-04-16T15:33:32.432] [WARN] default - 有一个任务正在执行
[2019-04-16T15:33:33.425] [WARN] default - 有一个任务正在执行
[2019-04-16T15:33:34.498] [WARN] default - 有一个任务正在执行
[2019-04-16T15:33:35.500] [WARN] default - 有一个任务正在执行
[2019-04-16T15:33:36.444] [WARN] default - 有一个任务正在执行
[2019-04-16T15:33:37.427] [WARN] default - 有一个任务正在执行
[2019-04-16T15:33:38.443] [WARN] default - 有一个任务正在执行
[2019-04-16T15:33:39.423] [WARN] default - 有一个任务正在执行
[2019-04-16T15:33:40.487] [WARN] default - 有一个任务正在执行
[2019-04-16T15:33:41.481] [WARN] default - 有一个任务正在执行
[2019-04-16T15:33:42.458] [WARN] default - 有一个任务正在执行
[2019-04-16T15:33:43.427] [WARN] default - 有一个任务正在执行
[2019-04-16T15:33:44.451] [WARN] default - 有一个任务正在执行
[2019-04-16T15:33:45.503] [WARN] default - 有一个任务正在执行
[2019-04-16T15:33:46.446] [WARN] default - 有一个任务正在执行
[2019-04-16T15:33:47.481] [WARN] default - 有一个任务正在执行
[2019-04-16T15:33:48.435] [WARN] default - 有一个任务正在执行
[2019-04-16T15:33:49.469] [WARN] default - 有一个任务正在执行
[2019-04-16T15:33:50.505] [WARN] default - 有一个任务正在执行
[2019-04-16T15:33:51.445] [WARN] default - 有一个任务正在执行
[2019-04-16T15:33:52.428] [WARN] default - 有一个任务正在执行
[2019-04-16T15:34:35.542] [WARN] default - 38号任务正在执行
[2019-04-16T15:34:36.014] [WARN] default - 停止38号任务
[2019-04-16T15:34:37.449] [WARN] default - 没有正在执行的任务
[2019-04-16T15:34:37.929] [WARN] default - 开始执行任务38
[2019-04-16T15:34:38.544] [WARN] default - 没有正在执行的任务
[2019-04-16T15:34:38.984] [WARN] default - 开始执行任务38
[2019-04-16T15:34:39.451] [WARN] default - 没有正在执行的任务
[2019-04-16T15:34:39.887] [WARN] default - 没有等待执行的任务
[2019-04-16T15:34:40.509] [WARN] default - 有一个任务正在执行
[2019-04-16T15:34:43.259] [INFO] default - 开始解析:C:\Users\great\Desktop\data\新建文件夹/2019-03-01 00-1.log
[2019-04-16T15:34:43.315] [INFO] default - C:\Users\great\Desktop\data\新建文件夹/2019-03-01 00-1.log解析完毕
[2019-04-16T15:34:43.315] [INFO] default - 开始解析:C:\Users\great\Desktop\data\新建文件夹/2019-03-01 01-0.log
[2019-04-16T15:34:43.325] [INFO] default - C:\Users\great\Desktop\data\新建文件夹/2019-03-01 01-0.log解析完毕
[2019-04-16T15:34:43.325] [INFO] default - 开始解析:C:\Users\great\Desktop\data\新建文件夹/2019-03-01 01-1.log
[2019-04-16T15:34:43.326] [INFO] default - C:\Users\great\Desktop\data\新建文件夹/2019-03-01 01-1.log解析完毕
[2019-04-16T15:34:43.613] [WARN] default - 有一个任务正在执行
[2019-04-16T15:34:45.525] [WARN] default - 有一个任务正在执行
[2019-04-16T15:34:45.811] [WARN] default - 有一个任务正在执行
[2019-04-16T15:34:45.813] [WARN] default - 有一个任务正在执行
[2019-04-16T15:34:46.550] [WARN] default - 有一个任务正在执行
[2019-04-16T15:34:47.520] [WARN] default - 有一个任务正在执行
[2019-04-16T15:34:48.527] [WARN] default - 有一个任务正在执行
[2019-04-16T15:34:48.528] [WARN] default - 有一个任务正在执行
[2019-04-16T15:34:49.470] [WARN] default - 有一个任务正在执行
[2019-04-16T15:34:49.693] [INFO] default - 开始解析:C:\Users\great\Desktop\data\新建文件夹/2019-03-01 00-1.log
[2019-04-16T15:34:49.694] [INFO] default - C:\Users\great\Desktop\data\新建文件夹/2019-03-01 00-1.log解析完毕
[2019-04-16T15:34:49.695] [INFO] default - 开始解析:C:\Users\great\Desktop\data\新建文件夹/2019-03-01 01-0.log
[2019-04-16T15:34:49.695] [INFO] default - C:\Users\great\Desktop\data\新建文件夹/2019-03-01 01-0.log解析完毕
[2019-04-16T15:34:49.695] [INFO] default - 开始解析:C:\Users\great\Desktop\data\新建文件夹/2019-03-01 01-1.log
[2019-04-16T15:34:49.696] [INFO] default - C:\Users\great\Desktop\data\新建文件夹/2019-03-01 01-1.log解析完毕
[2019-04-16T15:34:50.626] [WARN] default - 有一个任务正在执行
[2019-04-16T15:34:52.542] [WARN] default - 有一个任务正在执行
[2019-04-16T15:34:53.554] [WARN] default - 有一个任务正在执行
[2019-04-16T15:34:54.495] [WARN] default - 有一个任务正在执行
[2019-04-16T15:34:54.504] [WARN] default - 有一个任务正在执行
[2019-04-16T15:34:55.519] [WARN] default - 有一个任务正在执行
[2019-04-16T15:34:56.442] [WARN] default - 有一个任务正在执行
[2019-04-16T15:34:57.581] [WARN] default - 有一个任务正在执行
[2019-04-16T15:34:58.442] [WARN] default - 有一个任务正在执行
[2019-04-16T15:34:59.452] [WARN] default - 有一个任务正在执行
[2019-04-16T15:35:01.454] [WARN] default - 有一个任务正在执行
[2019-04-16T15:35:02.687] [WARN] default - 有一个任务正在执行
[2019-04-16T15:35:03.458] [WARN] default - 有一个任务正在执行
[2019-04-16T15:35:04.469] [WARN] default - 有一个任务正在执行
[2019-04-16T15:35:05.509] [WARN] default - 有一个任务正在执行
[2019-04-16T15:35:06.497] [WARN] default - 有一个任务正在执行
[2019-04-16T15:35:07.576] [WARN] default - 有一个任务正在执行
[2019-04-16T15:35:08.448] [WARN] default - 有一个任务正在执行
[2019-04-16T15:35:09.450] [WARN] default - 有一个任务正在执行
[2019-04-16T15:35:10.477] [WARN] default - 有一个任务正在执行
[2019-04-16T15:35:11.457] [WARN] default - 有一个任务正在执行
[2019-04-16T15:35:12.656] [WARN] default - 有一个任务正在执行
[2019-04-16T15:35:13.477] [WARN] default - 有一个任务正在执行
[2019-04-16T15:35:14.479] [WARN] default - 有一个任务正在执行
[2019-04-16T15:35:15.546] [WARN] default - 有一个任务正在执行
[2019-04-16T15:35:16.458] [WARN] default - 有一个任务正在执行
[2019-04-16T15:35:17.652] [WARN] default - 有一个任务正在执行
[2019-04-16T15:35:18.450] [WARN] default - 有一个任务正在执行
[2019-04-16T15:35:35.726] [WARN] default - 38号任务正在执行
[2019-04-16T15:35:36.186] [WARN] default - 停止38号任务
[2019-04-16T15:35:37.483] [WARN] default - 没有正在执行的任务
[2019-04-16T15:35:38.017] [WARN] default - 开始执行任务38
[2019-04-16T15:35:38.685] [WARN] default - 没有正在执行的任务
[2019-04-16T15:35:39.120] [WARN] default - 没有等待执行的任务
[2019-04-16T15:35:39.450] [WARN] default - 有一个任务正在执行
[2019-04-16T15:35:41.513] [INFO] default - 开始解析:C:\Users\great\Desktop\data\新建文件夹/2019-03-01 00-1.log
[2019-04-16T15:35:41.560] [INFO] default - C:\Users\great\Desktop\data\新建文件夹/2019-03-01 00-1.log解析完毕
[2019-04-16T15:35:41.562] [INFO] default - 开始解析:C:\Users\great\Desktop\data\新建文件夹/2019-03-01 01-0.log
[2019-04-16T15:35:41.564] [WARN] default - 有一个任务正在执行
[2019-04-16T15:35:41.566] [INFO] default - C:\Users\great\Desktop\data\新建文件夹/2019-03-01 01-0.log解析完毕
[2019-04-16T15:35:41.566] [INFO] default - 开始解析:C:\Users\great\Desktop\data\新建文件夹/2019-03-01 01-1.log
[2019-04-16T15:35:41.568] [INFO] default - C:\Users\great\Desktop\data\新建文件夹/2019-03-01 01-1.log解析完毕
[2019-04-16T15:35:42.700] [WARN] default - 有一个任务正在执行
[2019-04-16T15:35:43.829] [WARN] default - 有一个任务正在执行
[2019-04-16T15:35:44.457] [WARN] default - 有一个任务正在执行
[2019-04-16T15:35:45.487] [WARN] default - 有一个任务正在执行
[2019-04-16T15:35:46.454] [WARN] default - 有一个任务正在执行
[2019-04-16T15:35:46.455] [WARN] default - 有一个任务正在执行
[2019-04-16T15:35:47.423] [WARN] default - 有一个任务正在执行
[2019-04-16T15:35:48.849] [WARN] default - 有一个任务正在执行
[2019-04-16T15:35:49.482] [WARN] default - 有一个任务正在执行
[2019-04-16T15:35:50.516] [WARN] default - 有一个任务正在执行
[2019-04-16T15:35:51.439] [WARN] default - 有一个任务正在执行
[2019-04-16T15:35:52.497] [WARN] default - 有一个任务正在执行
[2019-04-16T15:35:53.645] [WARN] default - 有一个任务正在执行
[2019-04-16T15:36:04.406] [WARN] default - 38号任务正在执行
[2019-04-16T15:36:05.167] [WARN] default - 停止38号任务
[2019-04-16T15:37:01.642] [WARN] default - 没有正在执行的任务
[2019-04-16T15:37:02.165] [WARN] default - 开始执行任务38
[2019-04-16T15:37:07.387] [INFO] default - 开始解析:C:\Users\great\Desktop\data\新建文件夹/2019-03-01 00-1.log
[2019-04-16T15:37:07.509] [INFO] default - C:\Users\great\Desktop\data\新建文件夹/2019-03-01 00-1.log解析完毕
[2019-04-16T15:37:07.509] [INFO] default - 开始解析:C:\Users\great\Desktop\data\新建文件夹/2019-03-01 01-0.log
[2019-04-16T15:37:07.514] [INFO] default - C:\Users\great\Desktop\data\新建文件夹/2019-03-01 01-0.log解析完毕
[2019-04-16T15:37:07.516] [INFO] default - 开始解析:C:\Users\great\Desktop\data\新建文件夹/2019-03-01 01-1.log
[2019-04-16T15:37:07.519] [INFO] default - C:\Users\great\Desktop\data\新建文件夹/2019-03-01 01-1.log解析完毕
[2019-04-16T15:38:01.481] [WARN] default - 有一个任务正在执行
[2019-04-16T15:39:01.441] [WARN] default - 有一个任务正在执行
[2019-04-16T15:40:01.433] [WARN] default - 有一个任务正在执行
[2019-04-16T15:41:02.254] [WARN] default - 有一个任务正在执行
[2019-04-16T15:42:01.546] [WARN] default - 有一个任务正在执行
[2019-04-16T15:42:08.544] [WARN] default - 38号任务正在执行
[2019-04-16T15:42:09.254] [WARN] default - 停止38号任务
[2019-04-16T15:43:01.435] [WARN] default - 没有正在执行的任务
[2019-04-16T15:43:01.915] [WARN] default - 开始执行任务38
[2019-04-16T15:43:07.321] [INFO] default - 开始解析:C:\Users\great\Desktop\data\新建文件夹/2019-03-01 00-1.log
[2019-04-16T15:43:07.358] [INFO] default - C:\Users\great\Desktop\data\新建文件夹/2019-03-01 00-1.log解析完毕
[2019-04-16T15:43:07.358] [INFO] default - 开始解析:C:\Users\great\Desktop\data\新建文件夹/2019-03-01 01-0.log
[2019-04-16T15:43:07.362] [INFO] default - C:\Users\great\Desktop\data\新建文件夹/2019-03-01 01-0.log解析完毕
[2019-04-16T15:43:07.362] [INFO] default - 开始解析:C:\Users\great\Desktop\data\新建文件夹/2019-03-01 01-1.log
[2019-04-16T15:43:07.363] [INFO] default - C:\Users\great\Desktop\data\新建文件夹/2019-03-01 01-1.log解析完毕
[2019-04-16T15:43:40.966] [WARN] default - 38号任务正在执行
[2019-04-16T15:43:41.432] [WARN] default - 停止38号任务
[2019-04-16T15:44:01.430] [WARN] default - 没有正在执行的任务
[2019-04-16T15:44:01.894] [WARN] default - 开始执行任务38
[2019-04-16T15:44:08.247] [INFO] default - 开始解析:C:\Users\great\Desktop\data\新建文件夹/2019-03-01 00-1.log
[2019-04-16T15:44:08.283] [INFO] default - C:\Users\great\Desktop\data\新建文件夹/2019-03-01 00-1.log解析完毕
[2019-04-16T15:44:08.283] [INFO] default - 开始解析:C:\Users\great\Desktop\data\新建文件夹/2019-03-01 01-0.log
[2019-04-16T15:44:08.286] [INFO] default - C:\Users\great\Desktop\data\新建文件夹/2019-03-01 01-0.log解析完毕
[2019-04-16T15:44:08.286] [INFO] default - 开始解析:C:\Users\great\Desktop\data\新建文件夹/2019-03-01 01-1.log
[2019-04-16T15:44:08.287] [INFO] default - C:\Users\great\Desktop\data\新建文件夹/2019-03-01 01-1.log解析完毕
[2019-04-16T15:45:18.880] [WARN] default - 38号任务正在执行
[2019-04-16T15:45:19.492] [WARN] default - 停止38号任务
[2019-04-16T15:46:01.435] [WARN] default - 没有正在执行的任务
[2019-04-16T15:46:01.899] [WARN] default - 开始执行任务38
[2019-04-16T15:46:07.225] [INFO] default - 开始解析:C:\Users\great\Desktop\data\新建文件夹/2019-03-01 00-1.log
[2019-04-16T15:46:07.262] [INFO] default - C:\Users\great\Desktop\data\新建文件夹/2019-03-01 00-1.log解析完毕
[2019-04-16T15:46:07.263] [INFO] default - 开始解析:C:\Users\great\Desktop\data\新建文件夹/2019-03-01 01-0.log
[2019-04-16T15:46:07.265] [INFO] default - C:\Users\great\Desktop\data\新建文件夹/2019-03-01 01-0.log解析完毕
[2019-04-16T15:46:07.265] [INFO] default - 开始解析:C:\Users\great\Desktop\data\新建文件夹/2019-03-01 01-1.log
[2019-04-16T15:46:07.266] [INFO] default - C:\Users\great\Desktop\data\新建文件夹/2019-03-01 01-1.log解析完毕
[2019-04-16T15:46:11.823] [INFO] default - 生成新的表格
[2019-04-16T15:46:11.843] [INFO] default - 38号任务执行成功
[2019-04-16T15:47:01.457] [WARN] default - 没有正在执行的任务
[2019-04-16T15:47:01.917] [WARN] default - 没有等待执行的任务
[2019-04-16T15:48:01.440] [WARN] default - 没有正在执行的任务
[2019-04-16T15:48:01.873] [WARN] default - 没有等待执行的任务
[2019-04-16T15:49:01.438] [WARN] default - 没有正在执行的任务
[2019-04-16T15:49:01.880] [WARN] default - 没有等待执行的任务
[2019-04-17T10:57:01.792] [WARN] default - 没有正在执行的任务
[2019-04-17T10:57:02.308] [WARN] default - 没有等待执行的任务
[2019-04-26T19:46:01.421] [WARN] default - 没有正在执行的任务
[2019-04-26T19:46:01.883] [WARN] default - 开始执行任务39
[2019-04-26T19:46:37.862] [WARN] default - 39号任务正在执行
[2019-04-26T19:46:38.271] [WARN] default - 停止39号任务
[2019-04-26T19:47:01.409] [WARN] default - 没有正在执行的任务
[2019-04-26T19:47:01.868] [WARN] default - 开始执行任务39
[2019-04-26T19:47:45.074] [WARN] default - 39号任务正在执行
[2019-04-26T19:47:45.492] [WARN] default - 停止39号任务
[2019-04-26T19:48:01.736] [WARN] default - 没有正在执行的任务
[2019-04-26T19:48:02.189] [WARN] default - 开始执行任务39
[2019-04-26T19:48:07.332] [INFO] default - 开始解析:C:/users/LIDY/Desktop/测试数据/AIS数据/2019-01-01 00-0.log
[2019-04-26T19:48:07.373] [INFO] default - C:/users/LIDY/Desktop/测试数据/AIS数据/2019-01-01 00-0.log解析完毕
[2019-04-26T19:48:07.392] [INFO] default - 开始解析:C:/users/LIDY/Desktop/测试数据/AIS数据/2019-01-01 02-0.log
[2019-04-26T19:48:07.394] [INFO] default - C:/users/LIDY/Desktop/测试数据/AIS数据/2019-01-01 02-0.log解析完毕
[2019-04-26T19:48:07.410] [INFO] default - 开始解析:C:/users/LIDY/Desktop/测试数据/AIS数据/2019-01-01 02-1.log
[2019-04-26T19:48:07.412] [INFO] default - C:/users/LIDY/Desktop/测试数据/AIS数据/2019-01-01 02-1.log解析完毕
[2019-04-26T19:48:07.434] [INFO] default - 开始解析:C:/users/LIDY/Desktop/测试数据/AIS数据/2019-01-01 03-0.log
[2019-04-26T19:48:07.435] [INFO] default - C:/users/LIDY/Desktop/测试数据/AIS数据/2019-01-01 03-0.log解析完毕
[2019-04-26T19:48:07.448] [INFO] default - 开始解析:C:/users/LIDY/Desktop/测试数据/AIS数据/2019-01-01 04-0.log
[2019-04-26T19:48:07.449] [INFO] default - C:/users/LIDY/Desktop/测试数据/AIS数据/2019-01-01 04-0.log解析完毕
[2019-04-26T19:48:07.459] [INFO] default - 开始解析:C:/users/LIDY/Desktop/测试数据/AIS数据/2019-02-04 04-1.log
[2019-04-26T19:48:07.460] [INFO] default - C:/users/LIDY/Desktop/测试数据/AIS数据/2019-02-04 04-1.log解析完毕
[2019-04-26T19:48:08.275] [INFO] default - { recordsets: [],
  recordset: undefined,
  output: {},
  rowsAffected: [ 1 ] }
[2019-04-26T19:48:08.284] [INFO] default - { recordsets: [],
  recordset: undefined,
  output: {},
  rowsAffected: [ 1 ] }
[2019-04-26T19:48:08.285] [INFO] default - { recordsets: [],
  recordset: undefined,
  output: {},
  rowsAffected: [ 1 ] }
[2019-04-26T19:48:08.286] [INFO] default - { recordsets: [],
  recordset: undefined,
  output: {},
  rowsAffected: [ 1 ] }
[2019-04-26T19:48:08.293] [INFO] default - { recordsets: [],
  recordset: undefined,
  output: {},
  rowsAffected: [ 1 ] }
[2019-04-26T19:48:08.296] [INFO] default - { recordsets: [],
  recordset: undefined,
  output: {},
  rowsAffected: [ 1 ] }
[2019-04-26T19:48:11.414] [INFO] default - 生成新的表格
[2019-04-26T19:48:11.416] [INFO] default - 39号任务执行成功
[2019-04-26T19:49:01.402] [WARN] default - 没有正在执行的任务
[2019-04-26T19:49:01.795] [WARN] default - 没有等待执行的任务
[2019-04-26T19:50:01.399] [WARN] default - 没有正在执行的任务
[2019-04-26T19:50:01.795] [WARN] default - 没有等待执行的任务
[2019-04-26T19:51:01.720] [WARN] default - 没有正在执行的任务
[2019-04-26T19:51:02.117] [WARN] default - 没有等待执行的任务
[2019-04-26T19:52:01.393] [WARN] default - 没有正在执行的任务
[2019-04-26T19:52:01.797] [WARN] default - 没有等待执行的任务
[2019-04-26T19:53:01.421] [WARN] default - 没有正在执行的任务
[2019-04-26T19:53:01.862] [WARN] default - 没有等待执行的任务
[2019-04-26T19:54:01.745] [WARN] default - 没有正在执行的任务
[2019-04-26T19:54:02.154] [WARN] default - 没有等待执行的任务
[2019-04-26T19:55:01.416] [WARN] default - 没有正在执行的任务
[2019-04-26T19:55:01.834] [WARN] default - 没有等待执行的任务
[2019-04-26T19:56:25.217] [WARN] default - 39号任务正在执行
[2019-04-26T19:56:26.122] [WARN] default - 停止39号任务
[2019-04-26T19:56:50.410] [WARN] default - 没有正在执行的任务
[2019-04-26T19:56:50.965] [WARN] default - 开始执行任务39
[2019-04-26T19:56:51.868] [WARN] default - 没有正在执行的任务
[2019-04-26T19:56:52.269] [WARN] default - 开始执行任务39
[2019-04-26T19:56:52.399] [WARN] default - 有一个任务正在执行
[2019-04-26T19:56:53.427] [WARN] default - 有一个任务正在执行
[2019-04-26T19:56:55.502] [WARN] default - 有一个任务正在执行
[2019-04-26T19:56:56.809] [WARN] default - 有一个任务正在执行
[2019-04-26T19:56:57.407] [WARN] default - 有一个任务正在执行
[2019-04-26T19:56:57.417] [WARN] default - 有一个任务正在执行
[2019-04-26T19:56:58.008] [INFO] default - 开始解析:C:/Users/great/Desktop/data/新建文件夹/312123 - 副本 (2).log
[2019-04-26T19:56:58.127] [INFO] default - C:/Users/great/Desktop/data/新建文件夹/312123 - 副本 (2).log解析完毕
[2019-04-26T19:56:58.597] [WARN] default - 有一个任务正在执行
[2019-04-26T19:56:58.906] [INFO] default - { recordsets: [],
  recordset: undefined,
  output: {},
  rowsAffected: [ 1 ] }
[2019-04-26T19:56:59.706] [WARN] default - 有一个任务正在执行
[2019-04-26T19:57:00.429] [WARN] default - 有一个任务正在执行
[2019-04-26T19:57:01.788] [WARN] default - 有一个任务正在执行
[2019-04-26T19:57:02.394] [WARN] default - 有一个任务正在执行
[2019-04-26T19:57:03.390] [WARN] default - 有一个任务正在执行
[2019-04-26T19:57:04.398] [WARN] default - 有一个任务正在执行
[2019-04-26T19:57:05.396] [WARN] default - 有一个任务正在执行
[2019-04-26T19:57:06.468] [WARN] default - 有一个任务正在执行
[2019-04-26T19:57:07.424] [WARN] default - 有一个任务正在执行
[2019-04-26T19:57:08.417] [WARN] default - 有一个任务正在执行
[2019-04-26T19:57:09.398] [WARN] default - 有一个任务正在执行
[2019-04-26T19:57:10.398] [WARN] default - 有一个任务正在执行
[2019-04-26T19:57:11.402] [WARN] default - 有一个任务正在执行
[2019-04-26T19:57:12.398] [WARN] default - 有一个任务正在执行
[2019-04-26T19:57:13.396] [WARN] default - 有一个任务正在执行
[2019-04-26T19:57:14.391] [WARN] default - 有一个任务正在执行
[2019-04-26T19:57:15.391] [WARN] default - 有一个任务正在执行
[2019-04-26T19:57:16.417] [WARN] default - 有一个任务正在执行
[2019-04-26T19:57:17.461] [WARN] default - 有一个任务正在执行
[2019-04-26T19:57:18.418] [WARN] default - 有一个任务正在执行
[2019-04-26T19:57:19.423] [WARN] default - 有一个任务正在执行
[2019-04-26T19:57:20.416] [WARN] default - 有一个任务正在执行
[2019-04-26T19:57:21.419] [WARN] default - 有一个任务正在执行
[2019-04-26T19:57:22.419] [WARN] default - 有一个任务正在执行
[2019-04-26T19:57:23.415] [WARN] default - 有一个任务正在执行
[2019-04-26T19:57:24.418] [WARN] default - 有一个任务正在执行
[2019-04-26T19:57:25.417] [WARN] default - 有一个任务正在执行
[2019-04-26T19:57:26.419] [WARN] default - 有一个任务正在执行
[2019-04-26T19:57:27.445] [WARN] default - 有一个任务正在执行
[2019-04-26T19:57:28.414] [WARN] default - 有一个任务正在执行
[2019-04-26T19:57:29.422] [WARN] default - 有一个任务正在执行
[2019-04-26T19:57:30.418] [WARN] default - 有一个任务正在执行
[2019-04-26T19:57:31.425] [WARN] default - 有一个任务正在执行
[2019-04-26T19:57:32.418] [WARN] default - 有一个任务正在执行
[2019-04-26T19:57:33.418] [WARN] default - 有一个任务正在执行
[2019-04-26T19:57:34.422] [WARN] default - 有一个任务正在执行
[2019-04-26T19:57:35.419] [WARN] default - 有一个任务正在执行
[2019-04-26T19:57:36.428] [WARN] default - 有一个任务正在执行
[2019-04-26T19:57:37.426] [WARN] default - 有一个任务正在执行
[2019-04-26T19:57:38.416] [WARN] default - 有一个任务正在执行
[2019-04-26T19:57:39.418] [WARN] default - 有一个任务正在执行
[2019-04-26T19:57:40.419] [WARN] default - 有一个任务正在执行
[2019-04-26T19:57:41.428] [WARN] default - 有一个任务正在执行
[2019-04-26T19:57:42.420] [WARN] default - 有一个任务正在执行
[2019-04-26T19:57:43.430] [WARN] default - 有一个任务正在执行
[2019-04-26T19:57:44.416] [WARN] default - 有一个任务正在执行
[2019-04-26T19:57:45.420] [WARN] default - 有一个任务正在执行
[2019-04-26T19:57:46.422] [WARN] default - 有一个任务正在执行
[2019-04-26T19:57:47.423] [WARN] default - 有一个任务正在执行
[2019-04-26T19:57:48.414] [WARN] default - 有一个任务正在执行
[2019-04-26T19:57:49.419] [WARN] default - 有一个任务正在执行
[2019-04-26T19:57:50.416] [WARN] default - 有一个任务正在执行
[2019-04-26T19:57:51.415] [WARN] default - 有一个任务正在执行
[2019-04-26T19:57:52.419] [WARN] default - 有一个任务正在执行
[2019-04-26T19:57:53.424] [WARN] default - 有一个任务正在执行
[2019-04-26T19:57:54.418] [WARN] default - 有一个任务正在执行
[2019-04-26T19:57:55.429] [WARN] default - 有一个任务正在执行
[2019-04-26T19:57:56.419] [WARN] default - 有一个任务正在执行
[2019-04-26T19:57:57.416] [WARN] default - 有一个任务正在执行
[2019-04-26T19:57:58.442] [WARN] default - 有一个任务正在执行
[2019-04-26T19:57:59.416] [WARN] default - 有一个任务正在执行
[2019-04-26T19:58:00.427] [WARN] default - 有一个任务正在执行
[2019-04-26T19:58:01.447] [WARN] default - 有一个任务正在执行
[2019-04-26T19:58:02.455] [WARN] default - 有一个任务正在执行
[2019-04-26T19:58:03.444] [WARN] default - 有一个任务正在执行
[2019-04-26T19:58:04.426] [WARN] default - 有一个任务正在执行
[2019-04-26T19:58:05.422] [WARN] default - 有一个任务正在执行
[2019-04-26T19:58:06.423] [WARN] default - 有一个任务正在执行
[2019-04-26T19:58:07.423] [WARN] default - 有一个任务正在执行
[2019-04-26T19:58:08.418] [WARN] default - 有一个任务正在执行
[2019-04-26T19:58:09.428] [WARN] default - 有一个任务正在执行
[2019-04-26T19:58:10.423] [WARN] default - 有一个任务正在执行
[2019-04-26T19:58:11.418] [WARN] default - 有一个任务正在执行
[2019-04-26T19:58:12.420] [WARN] default - 有一个任务正在执行
[2019-04-26T19:58:13.609] [WARN] default - 有一个任务正在执行
[2019-04-26T19:58:14.518] [WARN] default - 有一个任务正在执行
[2019-04-26T19:58:15.425] [WARN] default - 有一个任务正在执行
[2019-04-26T19:58:16.422] [WARN] default - 有一个任务正在执行
[2019-04-26T19:58:17.433] [WARN] default - 有一个任务正在执行
[2019-04-26T19:58:18.422] [WARN] default - 有一个任务正在执行
[2019-04-26T19:58:19.519] [WARN] default - 有一个任务正在执行
[2019-04-26T19:58:20.424] [WARN] default - 有一个任务正在执行
[2019-04-26T19:58:21.419] [WARN] default - 有一个任务正在执行
[2019-04-26T19:58:22.432] [WARN] default - 有一个任务正在执行
[2019-04-26T19:58:23.420] [WARN] default - 有一个任务正在执行
[2019-04-26T19:58:24.587] [WARN] default - 有一个任务正在执行
[2019-04-26T19:58:25.416] [WARN] default - 有一个任务正在执行
[2019-04-26T19:58:26.420] [WARN] default - 有一个任务正在执行
[2019-04-26T19:58:27.420] [WARN] default - 有一个任务正在执行
[2019-04-26T19:58:28.421] [WARN] default - 有一个任务正在执行
[2019-04-26T19:58:30.393] [WARN] default - 有一个任务正在执行
[2019-04-26T19:58:30.817] [WARN] default - 有一个任务正在执行
[2019-04-26T19:58:31.943] [WARN] default - 有一个任务正在执行
[2019-04-26T19:58:32.764] [WARN] default - 有一个任务正在执行
[2019-04-26T19:58:33.788] [WARN] default - 有一个任务正在执行
[2019-04-26T19:58:35.835] [WARN] default - 有一个任务正在执行
[2019-04-26T19:58:36.039] [WARN] default - 有一个任务正在执行
[2019-04-26T19:58:36.860] [WARN] default - 有一个任务正在执行
[2019-04-26T19:58:37.425] [WARN] default - 有一个任务正在执行
[2019-04-26T19:58:38.405] [WARN] default - 有一个任务正在执行
[2019-04-26T19:58:40.185] [WARN] default - 有一个任务正在执行
[2019-04-26T19:58:40.493] [WARN] default - 有一个任务正在执行
[2019-04-26T19:58:41.405] [WARN] default - 有一个任务正在执行
[2019-04-26T19:58:42.409] [WARN] default - 有一个任务正在执行
[2019-04-26T19:58:43.407] [WARN] default - 有一个任务正在执行
[2019-04-26T19:58:44.896] [WARN] default - 有一个任务正在执行
[2019-04-26T19:58:45.434] [WARN] default - 有一个任务正在执行
[2019-04-26T19:58:46.405] [WARN] default - 有一个任务正在执行
[2019-04-26T19:58:47.412] [WARN] default - 有一个任务正在执行
[2019-04-26T19:58:48.415] [WARN] default - 有一个任务正在执行
[2019-04-26T19:58:49.736] [WARN] default - 有一个任务正在执行
[2019-04-26T19:58:50.468] [WARN] default - 有一个任务正在执行
[2019-04-26T19:58:51.411] [WARN] default - 有一个任务正在执行
[2019-04-26T19:58:52.401] [WARN] default - 有一个任务正在执行
[2019-04-26T19:58:53.411] [WARN] default - 有一个任务正在执行
[2019-04-26T19:58:54.412] [WARN] default - 有一个任务正在执行
[2019-04-26T19:58:55.648] [WARN] default - 有一个任务正在执行
[2019-04-26T19:58:56.404] [WARN] default - 有一个任务正在执行
[2019-04-26T19:58:57.403] [WARN] default - 有一个任务正在执行
[2019-04-26T19:58:58.411] [WARN] default - 有一个任务正在执行
[2019-04-26T19:58:59.417] [WARN] default - 有一个任务正在执行
[2019-04-26T19:59:00.846] [WARN] default - 有一个任务正在执行
[2019-04-26T19:59:01.423] [WARN] default - 有一个任务正在执行
[2019-04-26T19:59:04.202] [WARN] default - 39号任务正在执行
[2019-04-26T19:59:04.598] [WARN] default - 停止39号任务
[2019-04-26T19:59:05.719] [WARN] default - 没有正在执行的任务
[2019-04-26T19:59:06.168] [WARN] default - 开始执行任务39
[2019-04-26T19:59:06.434] [WARN] default - 没有正在执行的任务
[2019-04-26T19:59:06.876] [WARN] default - 开始执行任务39
[2019-04-26T19:59:07.397] [WARN] default - 有一个任务正在执行
[2019-04-26T19:59:08.394] [WARN] default - 有一个任务正在执行
[2019-04-26T20:00:05.249] [WARN] default - 39号任务正在执行
[2019-04-26T20:00:05.648] [WARN] default - 停止39号任务
[2019-04-26T20:00:06.544] [WARN] default - 没有正在执行的任务
[2019-04-26T20:00:07.174] [WARN] default - 开始执行任务39
[2019-04-26T20:00:07.402] [WARN] default - 没有正在执行的任务
[2019-04-26T20:00:07.807] [WARN] default - 开始执行任务39
[2019-04-26T20:00:08.404] [WARN] default - 有一个任务正在执行
[2019-04-26T20:00:09.431] [WARN] default - 有一个任务正在执行
[2019-04-26T20:00:10.730] [WARN] default - 有一个任务正在执行
[2019-04-26T20:00:11.436] [WARN] default - 有一个任务正在执行
[2019-04-26T20:00:12.172] [INFO] default - 开始解析:C:/Users/great/Desktop/data/新建文件夹/312123 - 副本 (2).log
[2019-04-26T20:00:12.233] [INFO] default - C:/Users/great/Desktop/data/新建文件夹/312123 - 副本 (2).log解析完毕
[2019-04-26T20:00:12.465] [WARN] default - 有一个任务正在执行
[2019-04-26T20:00:12.843] [INFO] default - { recordsets: [],
  recordset: undefined,
  output: {},
  rowsAffected: [ 1 ] }
[2019-04-26T20:00:13.781] [WARN] default - 有一个任务正在执行
[2019-04-26T20:00:14.784] [WARN] default - 有一个任务正在执行
[2019-04-26T20:00:15.453] [WARN] default - 有一个任务正在执行
[2019-04-26T20:00:16.407] [WARN] default - 有一个任务正在执行
[2019-04-26T20:00:17.466] [WARN] default - 有一个任务正在执行
[2019-04-26T20:00:18.426] [WARN] default - 有一个任务正在执行
[2019-04-26T20:00:19.403] [WARN] default - 有一个任务正在执行
[2019-04-26T20:00:20.399] [WARN] default - 有一个任务正在执行
[2019-04-26T20:00:21.399] [WARN] default - 有一个任务正在执行
[2019-04-26T20:00:22.409] [WARN] default - 有一个任务正在执行
[2019-04-26T20:00:23.410] [WARN] default - 有一个任务正在执行
[2019-04-26T20:00:24.405] [WARN] default - 有一个任务正在执行
[2019-04-26T20:00:25.404] [WARN] default - 有一个任务正在执行
[2019-04-26T20:00:26.404] [WARN] default - 有一个任务正在执行
[2019-04-26T20:00:27.407] [WARN] default - 有一个任务正在执行
[2019-04-26T20:00:28.400] [WARN] default - 有一个任务正在执行
[2019-04-26T20:00:29.406] [WARN] default - 有一个任务正在执行
[2019-04-26T20:00:30.399] [WARN] default - 有一个任务正在执行
[2019-04-26T20:00:31.401] [WARN] default - 有一个任务正在执行
[2019-04-26T20:00:32.444] [WARN] default - 有一个任务正在执行
[2019-04-26T20:00:33.405] [WARN] default - 有一个任务正在执行
[2019-04-26T20:00:34.401] [WARN] default - 有一个任务正在执行
[2019-04-26T20:00:35.401] [WARN] default - 有一个任务正在执行
[2019-04-26T20:00:36.406] [WARN] default - 有一个任务正在执行
[2019-04-26T20:00:37.403] [WARN] default - 有一个任务正在执行
[2019-04-26T20:00:38.403] [WARN] default - 有一个任务正在执行
[2019-04-26T20:00:39.397] [WARN] default - 有一个任务正在执行
[2019-04-26T20:00:40.404] [WARN] default - 有一个任务正在执行
[2019-04-26T20:00:41.409] [WARN] default - 有一个任务正在执行
[2019-04-26T20:00:42.416] [WARN] default - 有一个任务正在执行
[2019-04-26T20:00:43.400] [WARN] default - 有一个任务正在执行
[2019-04-26T20:00:44.403] [WARN] default - 有一个任务正在执行
[2019-04-26T20:00:45.403] [WARN] default - 有一个任务正在执行
[2019-04-26T20:00:46.775] [WARN] default - 有一个任务正在执行
[2019-04-26T20:00:47.408] [WARN] default - 有一个任务正在执行
[2019-04-26T20:00:48.409] [WARN] default - 有一个任务正在执行
[2019-04-26T20:00:49.415] [WARN] default - 有一个任务正在执行
[2019-04-26T20:00:50.410] [WARN] default - 有一个任务正在执行
[2019-04-26T20:00:51.463] [WARN] default - 有一个任务正在执行
[2019-04-26T20:00:52.565] [WARN] default - 有一个任务正在执行
[2019-04-26T20:01:04.434] [WARN] default - 39号任务正在执行
[2019-04-26T20:01:04.848] [WARN] default - 停止39号任务
[2019-04-26T20:01:05.405] [WARN] default - 没有正在执行的任务
[2019-04-26T20:01:05.848] [WARN] default - 开始执行任务39
[2019-04-26T20:01:06.407] [WARN] default - 没有正在执行的任务
[2019-04-26T20:01:06.805] [WARN] default - 没有等待执行的任务
[2019-04-26T20:01:07.421] [WARN] default - 有一个任务正在执行
[2019-04-26T20:01:09.402] [WARN] default - 有一个任务正在执行
[2019-04-26T20:01:10.735] [WARN] default - 有一个任务正在执行
[2019-04-26T20:01:10.943] [INFO] default - 开始解析:C:/Users/great/Desktop/data/新建文件夹/312123 - 副本 (2).log
[2019-04-26T20:01:11.004] [INFO] default - C:/Users/great/Desktop/data/新建文件夹/312123 - 副本 (2).log解析完毕
[2019-04-26T20:01:11.670] [WARN] default - 有一个任务正在执行
[2019-04-26T20:01:11.672] [WARN] default - 有一个任务正在执行
[2019-04-26T20:01:11.673] [INFO] default - { recordsets: [],
  recordset: undefined,
  output: {},
  rowsAffected: [ 1 ] }
[2019-04-26T20:01:12.980] [WARN] default - 有一个任务正在执行
[2019-04-26T20:01:13.667] [WARN] default - 有一个任务正在执行
[2019-04-26T20:01:14.561] [WARN] default - 有一个任务正在执行
[2019-04-26T20:01:15.406] [WARN] default - 有一个任务正在执行
[2019-04-26T20:01:17.425] [WARN] default - 有一个任务正在执行
[2019-04-26T20:01:18.406] [WARN] default - 有一个任务正在执行
[2019-04-26T20:01:20.392] [WARN] default - 有一个任务正在执行
[2019-04-26T20:01:21.398] [WARN] default - 有一个任务正在执行
[2019-04-26T20:01:22.436] [WARN] default - 有一个任务正在执行
[2019-04-26T20:01:22.437] [WARN] default - 有一个任务正在执行
[2019-04-26T20:01:23.401] [WARN] default - 有一个任务正在执行
[2019-04-26T20:01:25.404] [WARN] default - 有一个任务正在执行
[2019-04-26T20:01:25.405] [WARN] default - 有一个任务正在执行
[2019-04-26T20:01:26.403] [WARN] default - 有一个任务正在执行
[2019-04-26T20:01:27.397] [WARN] default - 有一个任务正在执行
[2019-04-26T20:01:27.398] [WARN] default - 有一个任务正在执行
[2019-04-26T20:01:28.403] [WARN] default - 有一个任务正在执行
[2019-04-26T20:01:29.783] [WARN] default - 有一个任务正在执行
[2019-04-26T20:01:30.404] [WARN] default - 有一个任务正在执行
[2019-04-26T20:01:31.400] [WARN] default - 有一个任务正在执行
[2019-04-26T20:01:32.416] [WARN] default - 有一个任务正在执行
[2019-04-26T20:01:33.405] [WARN] default - 有一个任务正在执行
[2019-04-26T20:01:34.964] [WARN] default - 有一个任务正在执行
[2019-04-26T20:01:35.396] [WARN] default - 有一个任务正在执行
[2019-04-26T20:01:36.404] [WARN] default - 有一个任务正在执行
[2019-04-26T20:01:37.398] [WARN] default - 有一个任务正在执行
[2019-04-26T20:01:38.404] [WARN] default - 有一个任务正在执行
[2019-04-26T20:01:39.924] [WARN] default - 有一个任务正在执行
[2019-04-26T20:01:40.396] [WARN] default - 有一个任务正在执行
[2019-04-26T20:01:41.411] [WARN] default - 有一个任务正在执行
[2019-04-26T20:01:42.389] [WARN] default - 有一个任务正在执行
[2019-04-26T20:01:43.434] [WARN] default - 有一个任务正在执行
[2019-04-26T20:01:44.806] [WARN] default - 有一个任务正在执行
[2019-04-26T20:01:46.392] [WARN] default - 有一个任务正在执行
[2019-04-26T20:01:47.393] [WARN] default - 有一个任务正在执行
[2019-04-26T20:01:48.400] [WARN] default - 有一个任务正在执行
[2019-04-26T20:01:48.404] [WARN] default - 有一个任务正在执行
[2019-04-26T20:01:49.517] [WARN] default - 有一个任务正在执行
[2019-04-26T20:01:51.395] [WARN] default - 有一个任务正在执行
[2019-04-26T20:01:52.397] [WARN] default - 有一个任务正在执行
[2019-04-26T20:01:53.401] [WARN] default - 有一个任务正在执行
[2019-04-26T20:01:53.403] [WARN] default - 有一个任务正在执行
[2019-04-26T20:01:54.392] [WARN] default - 有一个任务正在执行
[2019-04-26T20:01:55.537] [WARN] default - 有一个任务正在执行
[2019-04-26T20:01:56.407] [WARN] default - 有一个任务正在执行
[2019-04-26T20:01:57.404] [WARN] default - 有一个任务正在执行
[2019-04-26T20:01:58.402] [WARN] default - 有一个任务正在执行
[2019-04-26T20:01:59.419] [WARN] default - 有一个任务正在执行
[2019-04-26T20:02:00.635] [WARN] default - 有一个任务正在执行
[2019-04-26T20:02:01.397] [WARN] default - 有一个任务正在执行
[2019-04-26T20:02:02.394] [WARN] default - 有一个任务正在执行
[2019-04-26T20:02:03.407] [WARN] default - 有一个任务正在执行
[2019-04-26T20:02:04.393] [WARN] default - 有一个任务正在执行
[2019-04-26T20:02:06.404] [WARN] default - 有一个任务正在执行
[2019-04-26T20:02:07.399] [WARN] default - 有一个任务正在执行
[2019-04-26T20:02:08.402] [WARN] default - 有一个任务正在执行
[2019-04-26T20:02:08.404] [WARN] default - 有一个任务正在执行
[2019-04-26T20:02:09.403] [WARN] default - 有一个任务正在执行
[2019-04-26T20:02:10.840] [WARN] default - 有一个任务正在执行
[2019-04-26T20:02:11.416] [WARN] default - 有一个任务正在执行
[2019-04-26T20:02:12.409] [WARN] default - 有一个任务正在执行
[2019-04-26T20:02:13.409] [WARN] default - 有一个任务正在执行
[2019-04-26T20:02:14.406] [WARN] default - 有一个任务正在执行
[2019-04-26T20:02:15.908] [WARN] default - 有一个任务正在执行
[2019-04-26T20:02:16.416] [WARN] default - 有一个任务正在执行
[2019-04-26T20:02:17.412] [WARN] default - 有一个任务正在执行
[2019-04-26T20:02:18.393] [WARN] default - 有一个任务正在执行
[2019-04-26T20:02:19.428] [WARN] default - 有一个任务正在执行
[2019-04-26T20:02:20.854] [WARN] default - 有一个任务正在执行
[2019-04-26T20:02:21.406] [WARN] default - 有一个任务正在执行
[2019-04-26T20:02:22.405] [WARN] default - 有一个任务正在执行
[2019-04-26T20:02:23.408] [WARN] default - 有一个任务正在执行
[2019-04-26T20:02:24.406] [WARN] default - 有一个任务正在执行
[2019-04-26T20:02:26.090] [WARN] default - 有一个任务正在执行
[2019-04-26T20:02:26.501] [WARN] default - 有一个任务正在执行
[2019-04-26T20:02:27.389] [WARN] default - 有一个任务正在执行
[2019-04-26T20:02:28.392] [WARN] default - 有一个任务正在执行
[2019-04-26T20:02:29.392] [WARN] default - 有一个任务正在执行
[2019-04-26T20:02:30.411] [WARN] default - 有一个任务正在执行
[2019-04-26T20:02:32.391] [WARN] default - 有一个任务正在执行
[2019-04-26T20:02:33.407] [WARN] default - 有一个任务正在执行
[2019-04-26T20:02:34.410] [WARN] default - 有一个任务正在执行
[2019-04-26T20:02:34.411] [WARN] default - 有一个任务正在执行
[2019-04-26T20:02:35.408] [WARN] default - 有一个任务正在执行
[2019-04-26T20:02:36.648] [WARN] default - 有一个任务正在执行
[2019-04-26T20:02:37.393] [WARN] default - 有一个任务正在执行
[2019-04-26T20:02:38.416] [WARN] default - 有一个任务正在执行
[2019-04-26T20:02:39.406] [WARN] default - 有一个任务正在执行
[2019-04-26T20:02:40.405] [WARN] default - 有一个任务正在执行
[2019-04-26T20:02:41.732] [WARN] default - 有一个任务正在执行
[2019-04-26T20:02:42.391] [WARN] default - 有一个任务正在执行
[2019-04-26T20:02:43.413] [WARN] default - 有一个任务正在执行
[2019-04-26T20:02:44.409] [WARN] default - 有一个任务正在执行
[2019-04-26T20:02:45.391] [WARN] default - 有一个任务正在执行
[2019-04-26T20:02:46.811] [WARN] default - 有一个任务正在执行
[2019-04-26T20:02:47.396] [WARN] default - 有一个任务正在执行
[2019-04-26T20:02:48.391] [WARN] default - 有一个任务正在执行
[2019-04-26T20:02:49.398] [WARN] default - 有一个任务正在执行
[2019-04-26T20:02:50.393] [WARN] default - 有一个任务正在执行
[2019-04-26T20:02:51.723] [WARN] default - 有一个任务正在执行
[2019-04-26T20:02:52.416] [WARN] default - 有一个任务正在执行
[2019-04-26T20:02:53.409] [WARN] default - 有一个任务正在执行
[2019-04-26T20:02:54.389] [WARN] default - 有一个任务正在执行
[2019-04-26T20:02:55.461] [WARN] default - 有一个任务正在执行
[2019-04-26T20:02:56.769] [WARN] default - 有一个任务正在执行
[2019-04-26T20:02:57.770] [WARN] default - 有一个任务正在执行
[2019-04-26T20:02:58.431] [WARN] default - 有一个任务正在执行
[2019-04-26T20:02:59.411] [WARN] default - 有一个任务正在执行
[2019-04-26T20:03:00.422] [WARN] default - 有一个任务正在执行
[2019-04-26T20:03:01.721] [WARN] default - 有一个任务正在执行
[2019-04-26T20:03:02.393] [WARN] default - 有一个任务正在执行
[2019-04-26T20:03:03.413] [WARN] default - 有一个任务正在执行
[2019-04-26T20:03:04.413] [WARN] default - 有一个任务正在执行
[2019-04-26T20:03:05.394] [WARN] default - 有一个任务正在执行
[2019-04-26T20:03:06.412] [WARN] default - 有一个任务正在执行
[2019-04-26T20:03:07.416] [WARN] default - 有一个任务正在执行
[2019-04-26T20:03:08.393] [WARN] default - 有一个任务正在执行
[2019-04-26T20:03:09.395] [WARN] default - 有一个任务正在执行
[2019-04-26T20:03:10.412] [WARN] default - 有一个任务正在执行
[2019-04-26T20:03:11.389] [WARN] default - 有一个任务正在执行
[2019-04-26T20:03:12.411] [WARN] default - 有一个任务正在执行
[2019-04-26T20:03:13.396] [WARN] default - 有一个任务正在执行
[2019-04-26T20:03:14.408] [WARN] default - 有一个任务正在执行
[2019-04-26T20:03:15.408] [WARN] default - 有一个任务正在执行
[2019-04-26T20:03:16.418] [WARN] default - 有一个任务正在执行
[2019-04-26T20:03:17.568] [WARN] default - 有一个任务正在执行
[2019-04-26T20:03:18.454] [WARN] default - 有一个任务正在执行
[2019-04-26T20:03:19.444] [WARN] default - 有一个任务正在执行
[2019-04-26T20:03:20.412] [WARN] default - 有一个任务正在执行
[2019-04-26T20:03:21.389] [WARN] default - 有一个任务正在执行
[2019-04-26T20:03:22.411] [WARN] default - 有一个任务正在执行
[2019-04-26T20:03:23.412] [WARN] default - 有一个任务正在执行
[2019-04-26T20:03:24.408] [WARN] default - 有一个任务正在执行
[2019-04-26T20:03:25.518] [WARN] default - 有一个任务正在执行
[2019-04-26T20:03:26.557] [WARN] default - 有一个任务正在执行
[2019-04-26T20:03:27.392] [WARN] default - 有一个任务正在执行
[2019-04-26T20:03:28.433] [WARN] default - 有一个任务正在执行
[2019-04-26T20:03:29.392] [WARN] default - 有一个任务正在执行
[2019-04-26T20:03:30.408] [WARN] default - 有一个任务正在执行
[2019-04-26T20:03:31.388] [WARN] default - 有一个任务正在执行
[2019-04-26T20:03:32.394] [WARN] default - 有一个任务正在执行
[2019-04-26T20:03:33.391] [WARN] default - 有一个任务正在执行
[2019-04-26T20:03:34.403] [WARN] default - 有一个任务正在执行
[2019-04-26T20:03:35.393] [WARN] default - 有一个任务正在执行
[2019-04-26T20:03:36.387] [WARN] default - 有一个任务正在执行
[2019-04-26T20:03:37.419] [WARN] default - 有一个任务正在执行
[2019-04-26T20:03:39.907] [WARN] default - 39号任务正在执行
[2019-04-26T20:03:40.378] [WARN] default - 停止39号任务
[2019-04-26T20:03:41.393] [WARN] default - 没有正在执行的任务
[2019-04-26T20:03:41.838] [WARN] default - 开始执行任务39
[2019-04-26T20:03:42.416] [WARN] default - 没有正在执行的任务
[2019-04-26T20:03:42.831] [WARN] default - 没有等待执行的任务
[2019-04-26T20:03:43.440] [WARN] default - 有一个任务正在执行
[2019-04-26T20:03:45.382] [WARN] default - 有一个任务正在执行
[2019-04-26T20:03:45.412] [WARN] default - 有一个任务正在执行
[2019-04-26T20:03:46.395] [WARN] default - 有一个任务正在执行
[2019-04-26T20:03:46.600] [INFO] default - 开始解析:C:/Users/great/Desktop/data/新建文件夹/312123 - 副本 (2).log
[2019-04-26T20:03:46.698] [INFO] default - C:/Users/great/Desktop/data/新建文件夹/312123 - 副本 (2).log解析完毕
[2019-04-26T20:03:47.353] [INFO] default - { recordsets: [],
  recordset: undefined,
  output: {},
  rowsAffected: [ 1 ] }
[2019-04-26T20:03:47.598] [WARN] default - 有一个任务正在执行
[2019-04-26T20:03:50.410] [WARN] default - 有一个任务正在执行
[2019-04-26T20:03:51.408] [WARN] default - 有一个任务正在执行
[2019-04-26T20:03:51.414] [WARN] default - 有一个任务正在执行
[2019-04-26T20:03:52.414] [WARN] default - 有一个任务正在执行
[2019-04-26T20:03:52.416] [WARN] default - 有一个任务正在执行
[2019-04-26T20:03:53.418] [WARN] default - 有一个任务正在执行
[2019-04-26T20:03:54.411] [WARN] default - 有一个任务正在执行
[2019-04-26T20:03:55.413] [WARN] default - 有一个任务正在执行
[2019-04-26T20:03:56.440] [WARN] default - 有一个任务正在执行
[2019-04-26T20:03:57.408] [WARN] default - 有一个任务正在执行
[2019-04-26T20:03:58.409] [WARN] default - 有一个任务正在执行
[2019-04-26T20:03:59.419] [WARN] default - 有一个任务正在执行
[2019-04-26T20:04:00.418] [WARN] default - 有一个任务正在执行
[2019-04-26T20:04:01.395] [WARN] default - 有一个任务正在执行
[2019-04-26T20:04:02.411] [WARN] default - 有一个任务正在执行
[2019-04-26T20:04:03.391] [WARN] default - 有一个任务正在执行
[2019-04-26T20:04:04.409] [WARN] default - 有一个任务正在执行
[2019-04-26T20:04:05.391] [WARN] default - 有一个任务正在执行
[2019-04-26T20:04:06.394] [WARN] default - 有一个任务正在执行
[2019-04-26T20:04:07.442] [WARN] default - 有一个任务正在执行
[2019-04-26T20:04:08.409] [WARN] default - 有一个任务正在执行
[2019-04-26T20:04:09.410] [WARN] default - 有一个任务正在执行
[2019-04-26T20:04:10.408] [WARN] default - 有一个任务正在执行
[2019-04-26T20:04:11.417] [WARN] default - 有一个任务正在执行
[2019-04-26T20:04:12.409] [WARN] default - 有一个任务正在执行
[2019-04-26T20:04:13.677] [WARN] default - 有一个任务正在执行
[2019-04-26T20:04:14.515] [WARN] default - 有一个任务正在执行
[2019-04-26T20:04:15.433] [WARN] default - 有一个任务正在执行
[2019-04-26T20:04:16.413] [WARN] default - 有一个任务正在执行
[2019-04-26T20:04:17.391] [WARN] default - 有一个任务正在执行
[2019-04-26T20:04:18.408] [WARN] default - 有一个任务正在执行
[2019-04-26T20:04:20.393] [WARN] default - 有一个任务正在执行
[2019-04-26T20:04:21.437] [WARN] default - 有一个任务正在执行
[2019-04-26T20:04:22.415] [WARN] default - 有一个任务正在执行
[2019-04-26T20:04:22.416] [WARN] default - 有一个任务正在执行
[2019-04-26T20:04:23.427] [WARN] default - 有一个任务正在执行
[2019-04-26T20:04:24.647] [WARN] default - 有一个任务正在执行
[2019-04-26T20:04:25.416] [WARN] default - 有一个任务正在执行
[2019-04-26T20:04:26.393] [WARN] default - 有一个任务正在执行
[2019-04-26T20:04:27.501] [WARN] default - 有一个任务正在执行
[2019-04-26T20:04:28.411] [WARN] default - 有一个任务正在执行
[2019-04-26T20:04:30.413] [WARN] default - 有一个任务正在执行
[2019-04-26T20:04:31.392] [WARN] default - 有一个任务正在执行
[2019-04-26T20:04:32.416] [WARN] default - 有一个任务正在执行
[2019-04-26T20:04:32.417] [WARN] default - 有一个任务正在执行
[2019-04-26T20:04:33.413] [WARN] default - 有一个任务正在执行
[2019-04-26T20:04:34.862] [WARN] default - 有一个任务正在执行
[2019-04-26T20:04:35.409] [WARN] default - 有一个任务正在执行
[2019-04-26T20:04:36.411] [WARN] default - 有一个任务正在执行
[2019-04-26T20:04:37.409] [WARN] default - 有一个任务正在执行
[2019-04-26T20:04:48.315] [WARN] default - 39号任务正在执行
[2019-04-26T20:04:48.743] [WARN] default - 停止39号任务
[2019-04-26T20:04:49.647] [WARN] default - 没有正在执行的任务
[2019-04-26T20:04:57.209] [WARN] default - 开始执行任务39
[2019-04-26T20:04:57.310] [WARN] default - 没有正在执行的任务
[2019-04-26T20:04:57.657] [WARN] default - 没有正在执行的任务
[2019-04-26T20:04:57.664] [WARN] default - 没有正在执行的任务
[2019-04-26T20:04:57.688] [WARN] default - 没有正在执行的任务
[2019-04-26T20:04:57.693] [WARN] default - 没有正在执行的任务
[2019-04-26T20:04:57.700] [WARN] default - 没有正在执行的任务
[2019-04-26T20:04:57.705] [WARN] default - 没有正在执行的任务
[2019-04-26T20:04:57.710] [WARN] default - 没有正在执行的任务
[2019-04-26T20:04:57.777] [WARN] default - 开始执行任务39
[2019-04-26T20:05:03.299] [WARN] default - 没有等待执行的任务
[2019-04-26T20:05:03.306] [WARN] default - 没有等待执行的任务
[2019-04-26T20:05:03.312] [WARN] default - 没有等待执行的任务
[2019-04-26T20:05:03.318] [WARN] default - 没有等待执行的任务
[2019-04-26T20:05:03.325] [WARN] default - 没有等待执行的任务
[2019-04-26T20:05:03.334] [WARN] default - 没有等待执行的任务
[2019-04-26T20:05:03.341] [WARN] default - 没有等待执行的任务
[2019-04-26T20:05:03.623] [WARN] default - 有一个任务正在执行
[2019-04-26T20:05:03.725] [WARN] default - 有一个任务正在执行
[2019-04-26T20:05:03.731] [WARN] default - 有一个任务正在执行
[2019-04-26T20:05:03.737] [WARN] default - 有一个任务正在执行
[2019-04-26T20:05:03.762] [WARN] default - 有一个任务正在执行
[2019-04-26T20:05:03.766] [WARN] default - 有一个任务正在执行
[2019-04-26T20:05:04.413] [WARN] default - 有一个任务正在执行
[2019-04-26T20:05:06.404] [WARN] default - 有一个任务正在执行
[2019-04-26T20:05:07.437] [WARN] default - 有一个任务正在执行
[2019-04-26T20:05:07.626] [INFO] default - 开始解析:C:/Users/great/Desktop/data/新建文件夹/312123 - 副本 (2).log
[2019-04-26T20:07:48.116] [WARN] default - 39号任务正在执行
[2019-04-26T20:07:48.550] [WARN] default - 停止39号任务
[2019-04-26T20:07:49.646] [WARN] default - 没有正在执行的任务
[2019-04-26T20:07:50.464] [WARN] default - 开始执行任务39
[2019-04-26T20:07:50.674] [WARN] default - 没有正在执行的任务
[2019-04-26T20:07:51.090] [WARN] default - 开始执行任务39
[2019-04-26T20:07:51.425] [WARN] default - 有一个任务正在执行
[2019-04-26T20:07:52.851] [WARN] default - 有一个任务正在执行
[2019-04-26T20:07:55.108] [WARN] default - 有一个任务正在执行
[2019-04-26T20:07:55.793] [WARN] default - 有一个任务正在执行
[2019-04-26T20:07:56.534] [INFO] default - 开始解析:C:/Users/great/Desktop/data/新建文件夹/312123 - 副本 (2).log
[2019-04-26T20:07:56.543] [WARN] default - 有一个任务正在执行
[2019-04-26T20:08:12.316] [WARN] default - 39号任务正在执行
[2019-04-26T20:08:12.731] [WARN] default - 停止39号任务
[2019-04-26T20:08:13.400] [WARN] default - 没有正在执行的任务
[2019-04-26T20:08:13.870] [WARN] default - 开始执行任务39
[2019-04-26T20:08:14.410] [WARN] default - 没有正在执行的任务
[2019-04-26T20:08:14.817] [WARN] default - 没有等待执行的任务
[2019-04-26T20:08:16.384] [WARN] default - 有一个任务正在执行
[2019-04-26T20:08:16.411] [WARN] default - 有一个任务正在执行
[2019-04-26T20:08:19.875] [WARN] default - 39号任务正在执行
[2019-04-26T20:08:20.640] [WARN] default - 停止39号任务
[2019-04-26T20:08:22.414] [WARN] default - 没有正在执行的任务
[2019-04-26T20:08:22.923] [WARN] default - 开始执行任务39
[2019-04-26T20:08:23.419] [WARN] default - 没有正在执行的任务
[2019-04-26T20:08:23.836] [WARN] default - 没有等待执行的任务
[2019-04-26T20:08:24.432] [WARN] default - 有一个任务正在执行
[2019-04-26T20:08:24.438] [WARN] default - 有一个任务正在执行
[2019-04-26T20:08:25.874] [WARN] default - 有一个任务正在执行
[2019-04-26T20:08:26.529] [WARN] default - 有一个任务正在执行
[2019-04-26T20:08:27.418] [WARN] default - 有一个任务正在执行
[2019-04-26T20:08:27.940] [INFO] default - 开始解析:C:/Users/great/Desktop/data/新建文件夹/312123 - 副本 (2).log
[2019-04-26T20:09:46.620] [WARN] default - 39号任务正在执行
[2019-04-26T20:09:47.047] [WARN] default - 停止39号任务
[2019-04-26T20:09:48.402] [WARN] default - 没有正在执行的任务
[2019-04-26T20:09:48.885] [WARN] default - 开始执行任务39
[2019-04-26T20:09:49.413] [WARN] default - 没有正在执行的任务
[2019-04-26T20:09:49.841] [WARN] default - 没有等待执行的任务
[2019-04-26T20:09:50.399] [WARN] default - 有一个任务正在执行
[2019-04-26T20:09:52.421] [WARN] default - 有一个任务正在执行
[2019-04-26T20:09:53.434] [WARN] default - 有一个任务正在执行
[2019-04-26T20:09:53.549] [INFO] default - 开始解析:C:/Users/great/Desktop/data/新建文件夹/312123 - 副本 (2).log
[2019-04-26T20:10:41.008] [WARN] default - 39号任务正在执行
[2019-04-26T20:10:41.955] [WARN] default - 停止39号任务
[2019-04-26T20:10:42.774] [WARN] default - 没有正在执行的任务
[2019-04-26T20:10:43.649] [WARN] default - 开始执行任务39
[2019-04-26T20:10:43.800] [WARN] default - 没有正在执行的任务
[2019-04-26T20:10:46.770] [WARN] default - 没有正在执行的任务
[2019-04-26T20:10:47.589] [WARN] default - 没有等待执行的任务
[2019-04-26T20:10:47.594] [WARN] default - 没有等待执行的任务
[2019-04-26T20:10:47.795] [WARN] default - 有一个任务正在执行
[2019-04-26T20:10:48.722] [WARN] default - 有一个任务正在执行
[2019-04-26T20:10:49.355] [WARN] default - 有一个任务正在执行
[2019-04-26T20:10:49.364] [WARN] default - 有一个任务正在执行
[2019-04-26T20:10:50.500] [WARN] default - 有一个任务正在执行
[2019-04-26T20:10:50.599] [WARN] default - 有一个任务正在执行
[2019-04-26T20:10:51.443] [WARN] default - 有一个任务正在执行
[2019-04-26T20:10:53.412] [WARN] default - 有一个任务正在执行
[2019-04-26T20:10:53.568] [INFO] default - 开始解析:C:/Users/great/Desktop/data/新建文件夹/312123 - 副本 (2).log
[2019-04-26T20:13:18.859] [WARN] default - 39号任务正在执行
[2019-04-26T20:13:19.550] [WARN] default - 停止39号任务
[2019-04-26T20:13:20.414] [WARN] default - 没有正在执行的任务
[2019-04-26T20:13:20.887] [WARN] default - 开始执行任务39
[2019-04-26T20:13:21.414] [WARN] default - 没有正在执行的任务
[2019-04-26T20:13:21.827] [WARN] default - 没有等待执行的任务
[2019-04-26T20:13:22.452] [WARN] default - 有一个任务正在执行
[2019-04-26T20:13:24.669] [WARN] default - 有一个任务正在执行
[2019-04-26T20:13:25.443] [WARN] default - 有一个任务正在执行
[2019-04-26T20:13:25.834] [INFO] default - 开始解析:C:/Users/great/Desktop/data/新建文件夹/312123 - 副本 (2).log
[2019-04-26T20:14:01.744] [WARN] default - 39号任务正在执行
[2019-04-26T20:14:02.173] [WARN] default - 停止39号任务
[2019-04-26T20:14:03.402] [WARN] default - 没有正在执行的任务
[2019-04-26T20:14:03.870] [WARN] default - 开始执行任务39
[2019-04-26T20:14:04.408] [WARN] default - 没有正在执行的任务
[2019-04-26T20:14:04.953] [WARN] default - 没有等待执行的任务
[2019-04-26T20:14:05.821] [WARN] default - 有一个任务正在执行
[2019-04-26T20:14:07.719] [WARN] default - 有一个任务正在执行
[2019-04-26T20:14:08.462] [INFO] default - 开始解析:C:/Users/great/Desktop/data/新建文件夹/312123 - 副本 (2).log
[2019-04-26T20:14:08.470] [WARN] default - 有一个任务正在执行
[2019-04-26T20:14:35.528] [INFO] default - C:/Users/great/Desktop/data/新建文件夹/312123 - 副本 (2).log解析完毕
[2019-04-26T20:14:59.086] [WARN] default - 39号任务正在执行
[2019-04-26T20:14:59.900] [WARN] default - 停止39号任务
[2019-04-26T20:15:00.924] [WARN] default - 没有正在执行的任务
[2019-04-26T20:15:02.090] [WARN] default - 开始执行任务39
[2019-04-26T20:15:02.255] [WARN] default - 没有正在执行的任务
[2019-04-26T20:15:02.768] [WARN] default - 没有正在执行的任务
[2019-04-26T20:15:03.079] [WARN] default - 开始执行任务39
[2019-04-26T20:15:03.585] [WARN] default - 开始执行任务39
[2019-04-26T20:15:03.794] [WARN] default - 有一个任务正在执行
[2019-04-26T20:15:04.919] [WARN] default - 有一个任务正在执行
[2019-04-26T20:15:05.953] [WARN] default - 有一个任务正在执行
[2019-04-26T20:15:07.690] [WARN] default - 有一个任务正在执行
[2019-04-26T20:15:09.325] [WARN] default - 有一个任务正在执行
[2019-04-26T20:15:10.454] [WARN] default - 有一个任务正在执行
[2019-04-26T20:15:11.062] [WARN] default - 有一个任务正在执行
[2019-04-26T20:15:11.580] [WARN] default - 有一个任务正在执行
[2019-04-26T20:15:12.581] [WARN] default - 有一个任务正在执行
[2019-04-26T20:15:13.928] [INFO] default - 开始解析:C:/Users/great/Desktop/data/新建文件夹/312123 - 副本 (2).log
[2019-04-26T20:15:13.994] [WARN] default - 有一个任务正在执行
[2019-04-26T20:15:14.002] [INFO] default - C:/Users/great/Desktop/data/新建文件夹/312123 - 副本 (2).log解析完毕
[2019-04-26T20:15:14.753] [WARN] default - 有一个任务正在执行
[2019-04-26T20:15:15.344] [INFO] default - { recordsets: [],
  recordset: undefined,
  output: {},
  rowsAffected: [ 1 ] }
[2019-04-26T20:15:15.345] [WARN] default - 有一个任务正在执行
[2019-04-26T20:15:15.868] [INFO] default - 开始解析:C:/Users/great/Desktop/data/新建文件夹/312123 - 副本 (2).log
[2019-04-26T20:15:15.941] [INFO] default - C:/Users/great/Desktop/data/新建文件夹/312123 - 副本 (2).log解析完毕
[2019-04-26T20:15:16.288] [WARN] default - 有一个任务正在执行
[2019-04-26T20:15:18.519] [WARN] default - 有一个任务正在执行
[2019-04-26T20:15:19.173] [WARN] default - 有一个任务正在执行
[2019-04-26T20:15:19.972] [INFO] default - { recordsets: [],
  recordset: undefined,
  output: {},
  rowsAffected: [ 1 ] }
[2019-04-26T20:15:20.282] [WARN] default - 有一个任务正在执行
[2019-04-26T20:15:20.897] [WARN] default - 有一个任务正在执行
[2019-04-26T20:15:20.898] [WARN] default - 有一个任务正在执行
[2019-04-26T20:15:21.925] [WARN] default - 有一个任务正在执行
[2019-04-26T20:15:23.864] [WARN] default - 有一个任务正在执行
[2019-04-26T20:15:24.886] [WARN] default - 有一个任务正在执行
[2019-04-26T20:15:25.807] [WARN] default - 有一个任务正在执行
[2019-04-26T20:15:25.808] [WARN] default - 有一个任务正在执行
[2019-04-26T20:15:26.934] [WARN] default - 有一个任务正在执行
[2019-04-26T20:15:27.958] [WARN] default - 有一个任务正在执行
[2019-04-26T20:15:28.777] [WARN] default - 有一个任务正在执行
