[2019-03-21T11:09:08.397] [ERROR] error - { RequestError: Violation of PRIMARY KEY constraint 'PK__t41_ais___77B3115F4959E263'. Cannot insert duplicate key in object 'dbo.t41_ais_static_temp'.
    at handleError (C:\Code\WebStorm\aisdata\node_modules\_mssql@4.3.1@mssql\lib\tedious.js:412:15)
    at emitOne (events.js:116:13)
    at Connection.emit (events.js:211:7)
    at Parser.<anonymous> (C:\Code\WebStorm\aisdata\node_modules\_tedious@2.7.1@tedious\lib\connection.js:618:16)
    at emitOne (events.js:116:13)
    at Parser.emit (events.js:211:7)
    at Parser.<anonymous> (C:\Code\WebStorm\aisdata\node_modules\_tedious@2.7.1@tedious\lib\token\token-stream-parser.js:54:15)
    at emitOne (events.js:116:13)
    at Parser.emit (events.js:211:7)
    at addChunk (C:\Code\WebStorm\aisdata\node_modules\_readable-stream@2.3.6@readable-stream\lib\_stream_readable.js:291:12)
  code: 'EREQUEST',
  number: 2627,
  lineNumber: 1,
  state: 1,
  class: 14,
  serverName: 'WIN-BGND4VTIIDE',
  procName: '',
  originalError: 
   { Error: Violation of PRIMARY KEY constraint 'PK__t41_ais___77B3115F4959E263'. Cannot insert duplicate key in object 'dbo.t41_ais_static_temp'.
    at handleError (C:\Code\WebStorm\aisdata\node_modules\_mssql@4.3.1@mssql\lib\tedious.js:410:19)
    at emitOne (events.js:116:13)
    at Connection.emit (events.js:211:7)
    at Parser.<anonymous> (C:\Code\WebStorm\aisdata\node_modules\_tedious@2.7.1@tedious\lib\connection.js:618:16)
    at emitOne (events.js:116:13)
    at Parser.emit (events.js:211:7)
    at Parser.<anonymous> (C:\Code\WebStorm\aisdata\node_modules\_tedious@2.7.1@tedious\lib\token\token-stream-parser.js:54:15)
    at emitOne (events.js:116:13)
    at Parser.emit (events.js:211:7)
    at addChunk (C:\Code\WebStorm\aisdata\node_modules\_readable-stream@2.3.6@readable-stream\lib\_stream_readable.js:291:12)
     info: 
      { number: 2627,
        state: 1,
        class: 14,
        message: 'Violation of PRIMARY KEY constraint \'PK__t41_ais___77B3115F4959E263\'. Cannot insert duplicate key in object \'dbo.t41_ais_static_temp\'.',
        serverName: 'WIN-BGND4VTIIDE',
        procName: '',
        lineNumber: 1,
        name: 'ERROR',
        event: 'errorMessage' } },
  name: 'RequestError',
  precedingErrors: [] }
[2019-03-27T15:19:08.803] [ERROR] error - ReferenceError: list is not defined
    at C:\Code\WebStorm\aisdata\service\service.js:164:21
    at new Promise (<anonymous>)
    at getFilesList (C:\Code\WebStorm\aisdata\service\service.js:140:12)
    at <anonymous>
    at process._tickCallback (internal/process/next_tick.js:188:7)
[2019-03-27T15:19:09.729] [ERROR] error - ReferenceError: list is not defined
    at C:\Code\WebStorm\aisdata\service\service.js:164:21
    at new Promise (<anonymous>)
    at getFilesList (C:\Code\WebStorm\aisdata\service\service.js:140:12)
    at <anonymous>
    at process._tickCallback (internal/process/next_tick.js:188:7)
[2019-03-27T15:37:37.262] [ERROR] error - { RequestError: Violation of PRIMARY KEY constraint 'PK__t41_ais___77B3115F5B78929E'. Cannot insert duplicate key in object 'dbo.t41_ais_static_1553672239459'.
    at handleError (C:\Code\WebStorm\aisdata\node_modules\_mssql@4.3.1@mssql\lib\tedious.js:412:15)
    at emitOne (events.js:116:13)
    at Connection.emit (events.js:211:7)
    at Parser.<anonymous> (C:\Code\WebStorm\aisdata\node_modules\_tedious@2.7.1@tedious\lib\connection.js:618:16)
    at emitOne (events.js:116:13)
    at Parser.emit (events.js:211:7)
    at Parser.<anonymous> (C:\Code\WebStorm\aisdata\node_modules\_tedious@2.7.1@tedious\lib\token\token-stream-parser.js:54:15)
    at emitOne (events.js:116:13)
    at Parser.emit (events.js:211:7)
    at addChunk (C:\Code\WebStorm\aisdata\node_modules\_readable-stream@2.3.6@readable-stream\lib\_stream_readable.js:291:12)
  code: 'EREQUEST',
  number: 2627,
  lineNumber: 1,
  state: 1,
  class: 14,
  serverName: 'WIN-BGND4VTIIDE',
  procName: '',
  originalError: 
   { Error: Violation of PRIMARY KEY constraint 'PK__t41_ais___77B3115F5B78929E'. Cannot insert duplicate key in object 'dbo.t41_ais_static_1553672239459'.
    at handleError (C:\Code\WebStorm\aisdata\node_modules\_mssql@4.3.1@mssql\lib\tedious.js:410:19)
    at emitOne (events.js:116:13)
    at Connection.emit (events.js:211:7)
    at Parser.<anonymous> (C:\Code\WebStorm\aisdata\node_modules\_tedious@2.7.1@tedious\lib\connection.js:618:16)
    at emitOne (events.js:116:13)
    at Parser.emit (events.js:211:7)
    at Parser.<anonymous> (C:\Code\WebStorm\aisdata\node_modules\_tedious@2.7.1@tedious\lib\token\token-stream-parser.js:54:15)
    at emitOne (events.js:116:13)
    at Parser.emit (events.js:211:7)
    at addChunk (C:\Code\WebStorm\aisdata\node_modules\_readable-stream@2.3.6@readable-stream\lib\_stream_readable.js:291:12)
     info: 
      { number: 2627,
        state: 1,
        class: 14,
        message: 'Violation of PRIMARY KEY constraint \'PK__t41_ais___77B3115F5B78929E\'. Cannot insert duplicate key in object \'dbo.t41_ais_static_1553672239459\'.',
        serverName: 'WIN-BGND4VTIIDE',
        procName: '',
        lineNumber: 1,
        name: 'ERROR',
        event: 'errorMessage' } },
  name: 'RequestError',
  precedingErrors: [] }
[2019-03-27T16:04:35.585] [ERROR] error - { RequestError: Violation of PRIMARY KEY constraint 'PK__t41_ais___77B3115F66EA454A'. Cannot insert duplicate key in object 'dbo.t41_ais_static_1553673856488'.
    at handleError (C:\Code\WebStorm\aisdata\node_modules\_mssql@4.3.1@mssql\lib\tedious.js:412:15)
    at emitOne (events.js:116:13)
    at Connection.emit (events.js:211:7)
    at Parser.<anonymous> (C:\Code\WebStorm\aisdata\node_modules\_tedious@2.7.1@tedious\lib\connection.js:618:16)
    at emitOne (events.js:116:13)
    at Parser.emit (events.js:211:7)
    at Parser.<anonymous> (C:\Code\WebStorm\aisdata\node_modules\_tedious@2.7.1@tedious\lib\token\token-stream-parser.js:54:15)
    at emitOne (events.js:116:13)
    at Parser.emit (events.js:211:7)
    at addChunk (C:\Code\WebStorm\aisdata\node_modules\_readable-stream@2.3.6@readable-stream\lib\_stream_readable.js:291:12)
  code: 'EREQUEST',
  number: 2627,
  lineNumber: 1,
  state: 1,
  class: 14,
  serverName: 'WIN-BGND4VTIIDE',
  procName: '',
  originalError: 
   { Error: Violation of PRIMARY KEY constraint 'PK__t41_ais___77B3115F66EA454A'. Cannot insert duplicate key in object 'dbo.t41_ais_static_1553673856488'.
    at handleError (C:\Code\WebStorm\aisdata\node_modules\_mssql@4.3.1@mssql\lib\tedious.js:410:19)
    at emitOne (events.js:116:13)
    at Connection.emit (events.js:211:7)
    at Parser.<anonymous> (C:\Code\WebStorm\aisdata\node_modules\_tedious@2.7.1@tedious\lib\connection.js:618:16)
    at emitOne (events.js:116:13)
    at Parser.emit (events.js:211:7)
    at Parser.<anonymous> (C:\Code\WebStorm\aisdata\node_modules\_tedious@2.7.1@tedious\lib\token\token-stream-parser.js:54:15)
    at emitOne (events.js:116:13)
    at Parser.emit (events.js:211:7)
    at addChunk (C:\Code\WebStorm\aisdata\node_modules\_readable-stream@2.3.6@readable-stream\lib\_stream_readable.js:291:12)
     info: 
      { number: 2627,
        state: 1,
        class: 14,
        message: 'Violation of PRIMARY KEY constraint \'PK__t41_ais___77B3115F66EA454A\'. Cannot insert duplicate key in object \'dbo.t41_ais_static_1553673856488\'.',
        serverName: 'WIN-BGND4VTIIDE',
        procName: '',
        lineNumber: 1,
        name: 'ERROR',
        event: 'errorMessage' } },
  name: 'RequestError',
  precedingErrors: [] }
[2019-03-27T16:15:56.606] [ERROR] error - { RequestError: Violation of PRIMARY KEY constraint 'PK__t41_ais___77B3115F79FD19BE'. Cannot insert duplicate key in object 'dbo.t41_ais_static_1553674293857'.
    at handleError (C:\Code\WebStorm\aisdata\node_modules\_mssql@4.3.1@mssql\lib\tedious.js:412:15)
    at emitOne (events.js:116:13)
    at Connection.emit (events.js:211:7)
    at Parser.<anonymous> (C:\Code\WebStorm\aisdata\node_modules\_tedious@2.7.1@tedious\lib\connection.js:618:16)
    at emitOne (events.js:116:13)
    at Parser.emit (events.js:211:7)
    at Parser.<anonymous> (C:\Code\WebStorm\aisdata\node_modules\_tedious@2.7.1@tedious\lib\token\token-stream-parser.js:54:15)
    at emitOne (events.js:116:13)
    at Parser.emit (events.js:211:7)
    at addChunk (C:\Code\WebStorm\aisdata\node_modules\_readable-stream@2.3.6@readable-stream\lib\_stream_readable.js:291:12)
  code: 'EREQUEST',
  number: 2627,
  lineNumber: 1,
  state: 1,
  class: 14,
  serverName: 'WIN-BGND4VTIIDE',
  procName: '',
  originalError: 
   { Error: Violation of PRIMARY KEY constraint 'PK__t41_ais___77B3115F79FD19BE'. Cannot insert duplicate key in object 'dbo.t41_ais_static_1553674293857'.
    at handleError (C:\Code\WebStorm\aisdata\node_modules\_mssql@4.3.1@mssql\lib\tedious.js:410:19)
    at emitOne (events.js:116:13)
    at Connection.emit (events.js:211:7)
    at Parser.<anonymous> (C:\Code\WebStorm\aisdata\node_modules\_tedious@2.7.1@tedious\lib\connection.js:618:16)
    at emitOne (events.js:116:13)
    at Parser.emit (events.js:211:7)
    at Parser.<anonymous> (C:\Code\WebStorm\aisdata\node_modules\_tedious@2.7.1@tedious\lib\token\token-stream-parser.js:54:15)
    at emitOne (events.js:116:13)
    at Parser.emit (events.js:211:7)
    at addChunk (C:\Code\WebStorm\aisdata\node_modules\_readable-stream@2.3.6@readable-stream\lib\_stream_readable.js:291:12)
     info: 
      { number: 2627,
        state: 1,
        class: 14,
        message: 'Violation of PRIMARY KEY constraint \'PK__t41_ais___77B3115F79FD19BE\'. Cannot insert duplicate key in object \'dbo.t41_ais_static_1553674293857\'.',
        serverName: 'WIN-BGND4VTIIDE',
        procName: '',
        lineNumber: 1,
        name: 'ERROR',
        event: 'errorMessage' } },
  name: 'RequestError',
  precedingErrors: [] }
[2019-03-27T16:15:57.387] [ERROR] error - { RequestError: Violation of PRIMARY KEY constraint 'PK__t41_ais___77B3115F79FD19BE'. Cannot insert duplicate key in object 'dbo.t41_ais_static_1553674293857'.
    at handleError (C:\Code\WebStorm\aisdata\node_modules\_mssql@4.3.1@mssql\lib\tedious.js:412:15)
    at emitOne (events.js:116:13)
    at Connection.emit (events.js:211:7)
    at Parser.<anonymous> (C:\Code\WebStorm\aisdata\node_modules\_tedious@2.7.1@tedious\lib\connection.js:618:16)
    at emitOne (events.js:116:13)
    at Parser.emit (events.js:211:7)
    at Parser.<anonymous> (C:\Code\WebStorm\aisdata\node_modules\_tedious@2.7.1@tedious\lib\token\token-stream-parser.js:54:15)
    at emitOne (events.js:116:13)
    at Parser.emit (events.js:211:7)
    at addChunk (C:\Code\WebStorm\aisdata\node_modules\_readable-stream@2.3.6@readable-stream\lib\_stream_readable.js:291:12)
  code: 'EREQUEST',
  number: 2627,
  lineNumber: 1,
  state: 1,
  class: 14,
  serverName: 'WIN-BGND4VTIIDE',
  procName: '',
  originalError: 
   { Error: Violation of PRIMARY KEY constraint 'PK__t41_ais___77B3115F79FD19BE'. Cannot insert duplicate key in object 'dbo.t41_ais_static_1553674293857'.
    at handleError (C:\Code\WebStorm\aisdata\node_modules\_mssql@4.3.1@mssql\lib\tedious.js:410:19)
    at emitOne (events.js:116:13)
    at Connection.emit (events.js:211:7)
    at Parser.<anonymous> (C:\Code\WebStorm\aisdata\node_modules\_tedious@2.7.1@tedious\lib\connection.js:618:16)
    at emitOne (events.js:116:13)
    at Parser.emit (events.js:211:7)
    at Parser.<anonymous> (C:\Code\WebStorm\aisdata\node_modules\_tedious@2.7.1@tedious\lib\token\token-stream-parser.js:54:15)
    at emitOne (events.js:116:13)
    at Parser.emit (events.js:211:7)
    at addChunk (C:\Code\WebStorm\aisdata\node_modules\_readable-stream@2.3.6@readable-stream\lib\_stream_readable.js:291:12)
     info: 
      { number: 2627,
        state: 1,
        class: 14,
        message: 'Violation of PRIMARY KEY constraint \'PK__t41_ais___77B3115F79FD19BE\'. Cannot insert duplicate key in object \'dbo.t41_ais_static_1553674293857\'.',
        serverName: 'WIN-BGND4VTIIDE',
        procName: '',
        lineNumber: 1,
        name: 'ERROR',
        event: 'errorMessage' } },
  name: 'RequestError',
  precedingErrors: [] }
[2019-03-27T16:16:48.098] [ERROR] error - { RequestError: Violation of PRIMARY KEY constraint 'PK__t41_ais___77B3115F7DCDAAA2'. Cannot insert duplicate key in object 'dbo.t41_ais_static_1553674589546'.
    at handleError (C:\Code\WebStorm\aisdata\node_modules\_mssql@4.3.1@mssql\lib\tedious.js:412:15)
    at emitOne (events.js:116:13)
    at Connection.emit (events.js:211:7)
    at Parser.<anonymous> (C:\Code\WebStorm\aisdata\node_modules\_tedious@2.7.1@tedious\lib\connection.js:618:16)
    at emitOne (events.js:116:13)
    at Parser.emit (events.js:211:7)
    at Parser.<anonymous> (C:\Code\WebStorm\aisdata\node_modules\_tedious@2.7.1@tedious\lib\token\token-stream-parser.js:54:15)
    at emitOne (events.js:116:13)
    at Parser.emit (events.js:211:7)
    at addChunk (C:\Code\WebStorm\aisdata\node_modules\_readable-stream@2.3.6@readable-stream\lib\_stream_readable.js:291:12)
  code: 'EREQUEST',
  number: 2627,
  lineNumber: 1,
  state: 1,
  class: 14,
  serverName: 'WIN-BGND4VTIIDE',
  procName: '',
  originalError: 
   { Error: Violation of PRIMARY KEY constraint 'PK__t41_ais___77B3115F7DCDAAA2'. Cannot insert duplicate key in object 'dbo.t41_ais_static_1553674589546'.
    at handleError (C:\Code\WebStorm\aisdata\node_modules\_mssql@4.3.1@mssql\lib\tedious.js:410:19)
    at emitOne (events.js:116:13)
    at Connection.emit (events.js:211:7)
    at Parser.<anonymous> (C:\Code\WebStorm\aisdata\node_modules\_tedious@2.7.1@tedious\lib\connection.js:618:16)
    at emitOne (events.js:116:13)
    at Parser.emit (events.js:211:7)
    at Parser.<anonymous> (C:\Code\WebStorm\aisdata\node_modules\_tedious@2.7.1@tedious\lib\token\token-stream-parser.js:54:15)
    at emitOne (events.js:116:13)
    at Parser.emit (events.js:211:7)
    at addChunk (C:\Code\WebStorm\aisdata\node_modules\_readable-stream@2.3.6@readable-stream\lib\_stream_readable.js:291:12)
     info: 
      { number: 2627,
        state: 1,
        class: 14,
        message: 'Violation of PRIMARY KEY constraint \'PK__t41_ais___77B3115F7DCDAAA2\'. Cannot insert duplicate key in object \'dbo.t41_ais_static_1553674589546\'.',
        serverName: 'WIN-BGND4VTIIDE',
        procName: '',
        lineNumber: 1,
        name: 'ERROR',
        event: 'errorMessage' } },
  name: 'RequestError',
  precedingErrors: [] }
