[2019-04-25T18:42:53.658] [WARN] default - 1号任务正在执行
[2019-04-25T18:42:54.058] [WARN] default - 停止1号任务
[2019-04-25T18:43:01.404] [WARN] default - 没有正在执行的任务
[2019-04-25T18:45:37.448] [WARN] default - 没有正在执行的任务
[2019-04-25T18:45:37.961] [WARN] default - 开始执行任务2
[2019-04-25T18:46:01.399] [WARN] default - 没有正在执行的任务
[2019-04-25T18:46:01.827] [WARN] default - 开始执行任务2
[2019-04-25T18:46:31.411] [WARN] default - 没有正在执行的任务
[2019-04-25T18:46:32.503] [WARN] default - 开始执行任务2
[2019-04-25T18:46:55.396] [WARN] default - 没有正在执行的任务
[2019-04-25T18:46:55.836] [WARN] default - 开始执行任务2
[2019-04-25T18:46:56.398] [WARN] default - 有一个任务正在执行
[2019-04-25T18:46:57.876] [WARN] default - 有一个任务正在执行
[2019-04-25T18:46:58.434] [WARN] default - 有一个任务正在执行
[2019-04-25T18:46:59.396] [WARN] default - 有一个任务正在执行
[2019-04-25T18:47:00.397] [WARN] default - 有一个任务正在执行
[2019-04-25T18:47:01.393] [WARN] default - 有一个任务正在执行
[2019-04-25T18:47:02.543] [WARN] default - 有一个任务正在执行
[2019-04-25T18:47:04.401] [WARN] default - 有一个任务正在执行
[2019-04-25T18:47:05.402] [WARN] default - 有一个任务正在执行
[2019-04-25T18:47:06.395] [WARN] default - 有一个任务正在执行
[2019-04-25T18:47:06.398] [WARN] default - 有一个任务正在执行
[2019-04-25T18:47:07.424] [WARN] default - 有一个任务正在执行
[2019-04-25T18:47:24.926] [WARN] default - 2号任务正在执行
[2019-04-25T18:47:25.741] [WARN] default - 停止2号任务
[2019-04-25T18:47:26.868] [WARN] default - 没有正在执行的任务
[2019-04-25T18:47:27.821] [WARN] default - 开始执行任务2
[2019-04-25T18:47:27.893] [WARN] default - 没有正在执行的任务
[2019-04-25T18:47:29.634] [WARN] default - 开始执行任务2
[2019-04-25T18:47:29.837] [WARN] default - 没有正在执行的任务
[2019-04-25T18:47:29.840] [WARN] default - 没有正在执行的任务
[2019-04-25T18:47:30.759] [WARN] default - 开始执行任务1
[2019-04-25T18:47:30.761] [WARN] default - 开始执行任务1
[2019-04-25T18:47:30.966] [WARN] default - 有一个任务正在执行
[2019-04-25T18:47:31.886] [WARN] default - 有一个任务正在执行
[2019-04-25T18:47:32.909] [WARN] default - 有一个任务正在执行
[2019-04-25T18:47:35.163] [WARN] default - 有一个任务正在执行
[2019-04-25T18:47:35.573] [WARN] default - 有一个任务正在执行
[2019-04-25T18:47:35.878] [WARN] default - 有一个任务正在执行
[2019-04-25T18:47:36.903] [WARN] default - 有一个任务正在执行
[2019-04-25T18:47:37.825] [WARN] default - 有一个任务正在执行
[2019-04-25T18:47:40.464] [WARN] default - 有一个任务正在执行
[2019-04-25T18:47:40.897] [WARN] default - 有一个任务正在执行
[2019-04-25T18:47:41.921] [WARN] default - 有一个任务正在执行
[2019-04-25T18:47:42.842] [WARN] default - 有一个任务正在执行
[2019-04-25T18:47:42.843] [WARN] default - 有一个任务正在执行
[2019-04-25T18:47:44.000] [WARN] default - 有一个任务正在执行
[2019-04-25T18:47:44.397] [WARN] default - 有一个任务正在执行
[2019-04-25T18:47:45.410] [WARN] default - 有一个任务正在执行
[2019-04-25T18:47:46.404] [WARN] default - 有一个任务正在执行
[2019-04-25T18:47:47.441] [WARN] default - 有一个任务正在执行
[2019-04-25T18:47:48.402] [WARN] default - 有一个任务正在执行
[2019-04-25T18:47:49.442] [WARN] default - 有一个任务正在执行
[2019-04-25T18:47:50.410] [WARN] default - 有一个任务正在执行
[2019-04-25T18:47:52.160] [WARN] default - 1号任务正在执行
[2019-04-25T18:47:52.621] [WARN] default - 停止1号任务
[2019-04-25T18:47:53.409] [WARN] default - 有一个任务正在执行
[2019-04-25T18:47:54.530] [WARN] default - 有一个任务正在执行
[2019-04-25T18:47:55.398] [WARN] default - 有一个任务正在执行
[2019-04-25T18:47:56.399] [WARN] default - 有一个任务正在执行
[2019-04-25T18:47:57.418] [WARN] default - 有一个任务正在执行
[2019-04-25T18:47:58.444] [WARN] default - 有一个任务正在执行
[2019-04-25T18:47:59.627] [WARN] default - 有一个任务正在执行
[2019-04-25T18:48:00.401] [WARN] default - 有一个任务正在执行
[2019-04-25T18:48:02.606] [WARN] default - 2号任务正在执行
[2019-04-25T18:48:03.057] [WARN] default - 停止2号任务
[2019-04-25T18:48:04.572] [WARN] default - 没有正在执行的任务
[2019-04-25T18:48:05.006] [WARN] default - 开始执行任务1
[2019-04-25T18:48:05.412] [WARN] default - 有一个任务正在执行
[2019-04-25T18:48:06.397] [WARN] default - 有一个任务正在执行
[2019-04-25T18:48:07.427] [WARN] default - 有一个任务正在执行
[2019-04-25T18:48:08.403] [WARN] default - 有一个任务正在执行
[2019-04-25T18:48:09.578] [WARN] default - 有一个任务正在执行
[2019-04-25T18:48:12.007] [WARN] default - 1号任务正在执行
[2019-04-25T18:48:12.434] [WARN] default - 停止1号任务
[2019-04-25T18:48:13.398] [WARN] default - 没有正在执行的任务
[2019-04-25T18:48:13.830] [WARN] default - 开始执行任务1
[2019-04-25T18:48:14.400] [WARN] default - 有一个任务正在执行
[2019-04-25T18:48:15.405] [WARN] default - 有一个任务正在执行
[2019-04-25T18:48:16.397] [WARN] default - 有一个任务正在执行
[2019-04-25T18:48:18.606] [WARN] default - 1号任务正在执行
[2019-04-25T18:48:19.006] [WARN] default - 停止1号任务
[2019-04-25T18:48:20.407] [WARN] default - 没有正在执行的任务
[2019-04-25T18:48:20.847] [WARN] default - 开始执行任务1
[2019-04-25T18:48:21.398] [WARN] default - 有一个任务正在执行
[2019-04-25T18:48:22.499] [WARN] default - 有一个任务正在执行
[2019-04-25T18:48:24.593] [WARN] default - 1号任务正在执行
[2019-04-25T18:48:24.997] [WARN] default - 停止1号任务
[2019-04-25T18:48:25.410] [WARN] default - 没有正在执行的任务
[2019-04-25T18:48:25.848] [WARN] default - 开始执行任务1
[2019-04-25T18:48:26.402] [WARN] default - 有一个任务正在执行
[2019-04-25T18:48:27.449] [WARN] default - 有一个任务正在执行
[2019-04-25T18:48:29.435] [WARN] default - 1号任务正在执行
[2019-04-25T18:48:29.861] [WARN] default - 停止1号任务
[2019-04-25T18:48:30.429] [WARN] default - 没有正在执行的任务
[2019-04-25T18:48:30.870] [WARN] default - 开始执行任务1
[2019-04-25T18:48:31.399] [WARN] default - 有一个任务正在执行
[2019-04-25T18:48:32.438] [WARN] default - 有一个任务正在执行
[2019-04-25T18:48:33.417] [WARN] default - 有一个任务正在执行
[2019-04-25T18:48:34.397] [WARN] default - 有一个任务正在执行
[2019-04-25T18:48:35.397] [WARN] default - 有一个任务正在执行
[2019-04-25T18:48:36.396] [WARN] default - 有一个任务正在执行
[2019-04-25T18:48:37.425] [WARN] default - 有一个任务正在执行
[2019-04-25T18:48:38.401] [WARN] default - 有一个任务正在执行
[2019-04-25T18:48:39.403] [WARN] default - 有一个任务正在执行
[2019-04-25T18:48:41.336] [WARN] default - 1号任务正在执行
[2019-04-25T18:48:41.743] [WARN] default - 停止1号任务
[2019-04-25T18:48:42.434] [WARN] default - 没有正在执行的任务
[2019-04-25T18:48:42.909] [WARN] default - 开始执行任务2
[2019-04-25T18:48:43.400] [WARN] default - 有一个任务正在执行
[2019-04-25T18:48:44.398] [WARN] default - 有一个任务正在执行
[2019-04-25T18:48:45.401] [WARN] default - 有一个任务正在执行
[2019-04-25T18:48:46.404] [WARN] default - 有一个任务正在执行
[2019-04-26T10:11:46.839] [WARN] default - 2号任务正在执行
[2019-04-26T10:11:47.748] [WARN] default - 停止2号任务
[2019-04-26T10:11:49.489] [WARN] default - 没有正在执行的任务
[2019-04-26T10:11:50.446] [WARN] default - 开始执行任务2
[2019-04-26T10:11:50.821] [WARN] default - 没有正在执行的任务
[2019-04-26T10:11:51.741] [WARN] default - 开始执行任务1
[2019-04-26T10:11:51.946] [WARN] default - 有一个任务正在执行
[2019-04-26T10:11:52.872] [WARN] default - 有一个任务正在执行
[2019-04-26T10:11:52.971] [WARN] default - 有一个任务正在执行
[2019-04-26T10:11:53.790] [WARN] default - 有一个任务正在执行
[2019-04-26T10:11:55.447] [WARN] default - 有一个任务正在执行
[2019-04-26T10:11:56.456] [WARN] default - 有一个任务正在执行
[2019-04-26T10:11:57.410] [WARN] default - 有一个任务正在执行
[2019-04-26T10:11:57.411] [WARN] default - 有一个任务正在执行
[2019-04-26T10:11:58.393] [WARN] default - 有一个任务正在执行
[2019-04-26T10:11:59.626] [WARN] default - 有一个任务正在执行
[2019-04-26T10:12:00.400] [WARN] default - 有一个任务正在执行
[2019-04-26T10:12:01.394] [WARN] default - 有一个任务正在执行
[2019-04-26T14:22:22.549] [WARN] default - 1号任务正在执行
[2019-04-26T14:22:24.168] [WARN] default - 停止1号任务
[2019-04-26T14:22:25.842] [WARN] default - 有一个任务正在执行
[2019-04-26T14:22:26.763] [WARN] default - 有一个任务正在执行
[2019-04-26T14:22:29.702] [WARN] default - 有一个任务正在执行
[2019-04-26T14:22:30.494] [WARN] default - 有一个任务正在执行
[2019-04-26T14:22:30.634] [WARN] default - 有一个任务正在执行
[2019-04-26T14:22:31.457] [WARN] default - 有一个任务正在执行
[2019-04-26T14:22:31.459] [WARN] default - 有一个任务正在执行
[2019-04-26T14:22:32.426] [WARN] default - 有一个任务正在执行
[2019-04-26T14:22:33.726] [WARN] default - 有一个任务正在执行
[2019-04-26T14:22:37.874] [WARN] default - 2号任务正在执行
[2019-04-26T14:22:39.664] [WARN] default - 停止2号任务
[2019-04-26T14:22:40.896] [WARN] default - 没有正在执行的任务
[2019-04-26T14:22:41.866] [WARN] default - 开始执行任务2
[2019-04-26T14:22:41.917] [WARN] default - 没有正在执行的任务
[2019-04-26T14:22:42.742] [WARN] default - 开始执行任务1
[2019-04-26T14:22:42.839] [WARN] default - 有一个任务正在执行
[2019-04-26T14:22:44.050] [WARN] default - 有一个任务正在执行
[2019-04-26T14:22:44.422] [WARN] default - 有一个任务正在执行
[2019-04-26T14:22:45.453] [WARN] default - 有一个任务正在执行
[2019-04-26T14:22:46.720] [WARN] default - 有一个任务正在执行
[2019-04-26T14:22:47.411] [WARN] default - 有一个任务正在执行
[2019-04-26T14:22:49.085] [WARN] default - 有一个任务正在执行
[2019-04-26T14:22:49.904] [WARN] default - 有一个任务正在执行
[2019-04-26T14:22:50.931] [WARN] default - 有一个任务正在执行
[2019-04-26T14:22:51.850] [WARN] default - 有一个任务正在执行
[2019-04-26T14:22:52.771] [WARN] default - 有一个任务正在执行
[2019-04-29T17:21:15.487] [WARN] default - 1号任务正在执行
[2019-04-29T17:21:15.977] [WARN] default - 停止1号任务
[2019-04-29T17:21:16.469] [WARN] default - 没有正在执行的任务
[2019-04-29T17:21:42.417] [WARN] default - 没有正在执行的任务
