[2019-05-08T17:11:17.576] [WARN] default - 没有正在执行的任务
[2019-05-08T17:12:05.436] [WARN] default - 没有正在执行的任务
[2019-05-08T17:12:35.510] [WARN] default - 没有正在执行的任务
[2019-05-08T17:12:36.071] [WARN] default - 开始执行任务6
[2019-05-08T17:12:36.498] [WARN] default - 没有正在执行的任务
[2019-05-08T17:12:37.014] [WARN] default - 开始执行任务15
[2019-05-08T17:12:37.519] [WARN] default - 有一个任务正在执行
[2019-05-08T17:12:38.492] [WARN] default - 有一个任务正在执行
[2019-05-08T17:12:39.523] [WARN] default - 有一个任务正在执行
[2019-05-08T17:14:20.427] [WARN] default - 没有正在执行的任务
[2019-05-08T17:14:20.986] [WARN] default - 开始执行任务6
[2019-05-08T17:14:30.452] [WARN] default - 有一个任务正在执行
[2019-05-08T17:14:40.445] [WARN] default - 有一个任务正在执行
[2019-05-08T17:14:50.448] [WARN] default - 有一个任务正在执行
[2019-05-08T17:15:00.449] [WARN] default - 有一个任务正在执行
[2019-05-08T17:15:10.493] [WARN] default - 有一个任务正在执行
[2019-05-08T17:15:20.447] [WARN] default - 有一个任务正在执行
[2019-05-08T17:15:30.515] [WARN] default - 有一个任务正在执行
[2019-05-08T17:15:40.461] [WARN] default - 有一个任务正在执行
[2019-05-08T17:15:49.966] [WARN] default - 6号任务正在执行
[2019-05-08T17:15:50.406] [WARN] default - 停止6号任务
[2019-05-08T17:16:00.471] [WARN] default - 没有正在执行的任务
[2019-05-08T17:16:01.032] [WARN] default - 开始执行任务6
[2019-05-08T17:18:08.097] [WARN] default - 6号任务正在执行
[2019-05-08T17:18:08.661] [WARN] default - 停止6号任务
[2019-05-08T17:18:10.548] [WARN] default - 没有正在执行的任务
[2019-05-08T17:18:11.105] [WARN] default - 开始执行任务6
[2019-05-08T17:18:55.311] [WARN] default - 6号任务正在执行
[2019-05-08T17:18:55.752] [WARN] default - 停止6号任务
[2019-05-08T17:19:00.482] [WARN] default - 没有正在执行的任务
[2019-05-08T17:19:01.015] [WARN] default - 开始执行任务6
[2019-05-08T17:19:31.492] [WARN] default - 6号任务正在执行
[2019-05-08T17:19:31.922] [WARN] default - 停止6号任务
[2019-05-08T17:19:40.444] [WARN] default - 没有正在执行的任务
[2019-05-08T17:19:41.000] [WARN] default - 开始执行任务6
[2019-05-08T17:19:50.484] [WARN] default - 没有正在执行的任务
[2019-05-08T17:19:50.970] [WARN] default - 开始执行任务15
[2019-05-08T17:20:00.691] [WARN] default - 没有正在执行的任务
[2019-05-08T17:20:01.168] [WARN] default - 开始执行任务16
[2019-05-08T17:21:40.096] [WARN] default - 16号任务正在执行
[2019-05-08T17:21:40.585] [WARN] default - 停止16号任务
[2019-05-08T17:21:50.466] [WARN] default - 没有正在执行的任务
[2019-05-08T17:21:51.024] [WARN] default - 开始执行任务16
[2019-05-08T17:22:00.433] [WARN] default - 有一个任务正在执行
[2019-05-08T17:22:10.459] [WARN] default - 有一个任务正在执行
[2019-05-08T17:24:14.418] [WARN] default - 16号任务正在执行
[2019-05-08T17:24:14.976] [WARN] default - 停止16号任务
[2019-05-08T17:24:20.438] [WARN] default - 没有正在执行的任务
[2019-05-08T17:24:20.986] [WARN] default - 开始执行任务16
[2019-05-08T17:24:30.439] [WARN] default - 没有正在执行的任务
[2019-05-08T17:24:30.923] [WARN] default - 开始执行任务14
[2019-05-08T17:24:40.452] [WARN] default - 没有正在执行的任务
[2019-05-08T17:24:40.933] [WARN] default - 开始执行任务17
[2019-05-08T17:24:50.444] [WARN] default - 没有正在执行的任务
[2019-05-08T17:24:50.891] [WARN] default - 开始执行任务13
[2019-05-08T17:25:00.503] [WARN] default - 没有正在执行的任务
[2019-05-08T17:25:00.945] [WARN] default - 开始执行任务22
[2019-05-08T17:25:10.440] [WARN] default - 没有正在执行的任务
[2019-05-08T17:25:10.921] [WARN] default - 开始执行任务21
[2019-05-08T17:25:20.439] [WARN] default - 没有正在执行的任务
[2019-05-08T17:25:20.872] [WARN] default - 开始执行任务20
[2019-05-08T17:25:30.447] [WARN] default - 没有正在执行的任务
[2019-05-08T17:25:30.897] [WARN] default - 开始执行任务19
[2019-05-08T17:25:40.426] [WARN] default - 没有正在执行的任务
[2019-05-08T17:25:40.896] [WARN] default - 开始执行任务18
[2019-05-08T17:25:50.456] [WARN] default - 没有正在执行的任务
[2019-05-08T17:25:50.920] [WARN] default - 开始执行任务12
[2019-05-08T17:26:00.441] [WARN] default - 没有正在执行的任务
[2019-05-08T17:26:00.921] [WARN] default - 开始执行任务11
[2019-05-08T17:26:10.452] [WARN] default - 没有正在执行的任务
[2019-05-08T17:26:10.907] [WARN] default - 开始执行任务10
[2019-05-08T17:26:20.437] [WARN] default - 有一个任务正在执行
[2019-05-08T17:26:30.430] [WARN] default - 有一个任务正在执行
[2019-05-08T17:26:40.449] [WARN] default - 有一个任务正在执行
[2019-05-08T17:26:50.468] [WARN] default - 有一个任务正在执行
[2019-05-08T17:27:00.449] [WARN] default - 有一个任务正在执行
[2019-05-08T17:27:10.499] [WARN] default - 有一个任务正在执行
[2019-05-08T17:27:20.479] [WARN] default - 有一个任务正在执行
[2019-05-08T17:27:30.451] [WARN] default - 有一个任务正在执行
[2019-05-08T17:27:40.426] [WARN] default - 有一个任务正在执行
[2019-05-08T17:27:50.433] [WARN] default - 有一个任务正在执行
[2019-05-08T17:27:59.925] [WARN] default - 10号任务正在执行
[2019-05-08T17:28:00.393] [WARN] default - 停止10号任务
[2019-05-08T17:28:10.479] [WARN] default - 没有正在执行的任务
[2019-05-08T17:28:10.976] [WARN] default - 开始执行任务23
[2019-05-08T17:28:20.433] [WARN] default - 没有正在执行的任务
[2019-05-08T17:28:20.872] [WARN] default - 开始执行任务10
[2019-05-08T17:28:30.459] [WARN] default - 没有正在执行的任务
[2019-05-08T17:28:30.991] [WARN] default - 开始执行任务5
[2019-05-08T17:28:40.439] [WARN] default - 没有正在执行的任务
[2019-05-08T17:28:40.887] [WARN] default - 开始执行任务7
[2019-05-08T17:28:50.467] [WARN] default - 没有正在执行的任务
[2019-05-08T17:28:50.912] [WARN] default - 没有等待执行的任务
[2019-05-08T17:29:00.443] [WARN] default - 没有正在执行的任务
[2019-05-08T17:29:00.867] [WARN] default - 没有等待执行的任务
[2019-05-08T17:29:10.489] [WARN] default - 没有正在执行的任务
[2019-05-08T17:29:10.928] [WARN] default - 没有等待执行的任务
[2019-05-08T17:29:20.446] [WARN] default - 没有正在执行的任务
[2019-05-08T17:29:20.913] [WARN] default - 没有等待执行的任务
[2019-05-08T17:29:30.443] [WARN] default - 没有正在执行的任务
[2019-05-08T17:29:30.903] [WARN] default - 没有等待执行的任务
[2019-05-08T17:37:20.475] [WARN] default - 没有正在执行的任务
[2019-05-08T17:37:20.914] [WARN] default - 没有等待执行的任务
[2019-05-08T17:37:30.480] [WARN] default - 没有正在执行的任务
[2019-05-08T17:37:31.132] [WARN] default - 没有等待执行的任务
[2019-05-08T17:37:40.472] [WARN] default - 没有正在执行的任务
[2019-05-08T17:37:40.951] [WARN] default - 开始执行任务24
[2019-05-08T17:39:20.463] [WARN] default - 没有正在执行的任务
[2019-05-08T17:39:20.900] [WARN] default - 没有等待执行的任务
[2019-05-08T17:39:30.460] [WARN] default - 没有正在执行的任务
[2019-05-08T17:39:30.920] [WARN] default - 没有等待执行的任务
[2019-05-08T17:39:40.452] [WARN] default - 没有正在执行的任务
[2019-05-08T17:39:40.933] [WARN] default - 没有等待执行的任务
[2019-05-08T17:39:50.439] [WARN] default - 没有正在执行的任务
[2019-05-08T17:39:50.925] [WARN] default - 开始执行任务24
[2019-05-08T17:40:00.435] [WARN] default - 没有正在执行的任务
[2019-05-08T17:40:00.882] [WARN] default - 没有等待执行的任务
[2019-05-08T17:40:10.436] [WARN] default - 没有正在执行的任务
[2019-05-08T17:40:10.909] [WARN] default - 没有等待执行的任务
[2019-05-08T17:40:20.429] [WARN] default - 没有正在执行的任务
[2019-05-08T17:40:20.872] [WARN] default - 没有等待执行的任务
[2019-05-08T17:40:30.452] [WARN] default - 没有正在执行的任务
[2019-05-08T17:40:30.885] [WARN] default - 没有等待执行的任务
[2019-05-08T17:40:40.433] [WARN] default - 没有正在执行的任务
[2019-05-08T17:40:40.929] [WARN] default - 没有等待执行的任务
[2019-05-08T17:40:50.455] [WARN] default - 没有正在执行的任务
[2019-05-08T17:40:50.891] [WARN] default - 没有等待执行的任务
[2019-05-08T17:41:00.432] [WARN] default - 没有正在执行的任务
[2019-05-08T17:41:00.890] [WARN] default - 没有等待执行的任务
[2019-05-08T17:42:40.435] [WARN] default - 没有正在执行的任务
[2019-05-08T17:42:40.898] [WARN] default - 没有等待执行的任务
[2019-05-08T17:42:50.438] [WARN] default - 没有正在执行的任务
[2019-05-08T17:42:50.926] [WARN] default - 开始执行任务24
[2019-05-08T17:43:00.444] [WARN] default - 没有正在执行的任务
[2019-05-08T17:43:00.891] [WARN] default - 没有等待执行的任务
[2019-05-08T17:43:10.442] [WARN] default - 没有正在执行的任务
[2019-05-08T17:43:10.881] [WARN] default - 没有等待执行的任务
[2019-05-08T17:43:20.427] [WARN] default - 没有正在执行的任务
[2019-05-08T17:43:20.870] [WARN] default - 没有等待执行的任务
[2019-05-08T17:43:40.436] [WARN] default - 没有正在执行的任务
[2019-05-08T17:43:40.885] [WARN] default - 没有等待执行的任务
[2019-05-08T17:43:50.444] [WARN] default - 没有正在执行的任务
[2019-05-08T17:43:50.927] [WARN] default - 没有等待执行的任务
[2019-05-08T17:44:00.427] [WARN] default - 没有正在执行的任务
[2019-05-08T17:44:00.905] [WARN] default - 开始执行任务24
[2019-05-08T17:44:10.475] [WARN] default - 没有正在执行的任务
[2019-05-08T17:44:10.927] [WARN] default - 没有等待执行的任务
[2019-05-08T17:44:20.421] [WARN] default - 没有正在执行的任务
[2019-05-08T17:44:20.885] [WARN] default - 没有等待执行的任务
[2019-05-08T17:44:30.457] [WARN] default - 没有正在执行的任务
[2019-05-08T17:44:30.915] [WARN] default - 没有等待执行的任务
[2019-05-08T17:44:40.433] [WARN] default - 没有正在执行的任务
[2019-05-08T17:44:40.867] [WARN] default - 没有等待执行的任务
[2019-05-08T17:44:50.464] [WARN] default - 没有正在执行的任务
[2019-05-08T17:44:50.887] [WARN] default - 没有等待执行的任务
[2019-05-08T17:45:00.436] [WARN] default - 没有正在执行的任务
[2019-05-08T17:45:00.869] [WARN] default - 没有等待执行的任务
[2019-05-08T17:45:10.562] [WARN] default - 没有正在执行的任务
[2019-05-08T17:45:11.026] [WARN] default - 没有等待执行的任务
[2019-05-08T17:45:20.463] [WARN] default - 没有正在执行的任务
[2019-05-08T17:45:20.905] [WARN] default - 没有等待执行的任务
[2019-05-08T17:45:30.438] [WARN] default - 没有正在执行的任务
[2019-05-08T17:45:30.874] [WARN] default - 没有等待执行的任务
[2019-05-08T17:45:40.444] [WARN] default - 没有正在执行的任务
[2019-05-08T17:45:40.871] [WARN] default - 没有等待执行的任务
[2019-05-08T17:45:50.453] [WARN] default - 没有正在执行的任务
[2019-05-08T17:45:50.988] [WARN] default - 开始执行任务24
[2019-05-08T17:46:00.463] [WARN] default - 没有正在执行的任务
[2019-05-08T17:46:00.931] [WARN] default - 没有等待执行的任务
[2019-05-08T17:46:10.464] [WARN] default - 没有正在执行的任务
[2019-05-08T17:46:10.999] [WARN] default - 没有等待执行的任务
[2019-05-08T17:46:20.461] [WARN] default - 没有正在执行的任务
[2019-05-08T17:46:20.961] [WARN] default - 没有等待执行的任务
[2019-05-08T17:46:30.433] [WARN] default - 没有正在执行的任务
[2019-05-08T17:46:30.872] [WARN] default - 开始执行任务25
[2019-05-08T17:46:40.458] [WARN] default - 没有正在执行的任务
[2019-05-08T17:46:40.908] [WARN] default - 没有等待执行的任务
[2019-05-08T17:46:50.453] [WARN] default - 没有正在执行的任务
[2019-05-08T17:46:50.890] [WARN] default - 没有等待执行的任务
[2019-05-08T17:47:00.433] [WARN] default - 没有正在执行的任务
[2019-05-08T17:47:00.856] [WARN] default - 没有等待执行的任务
[2019-05-08T17:47:10.438] [WARN] default - 没有正在执行的任务
[2019-05-08T17:47:10.873] [WARN] default - 没有等待执行的任务
[2019-05-08T17:47:20.477] [WARN] default - 没有正在执行的任务
[2019-05-08T17:47:20.910] [WARN] default - 没有等待执行的任务
[2019-05-08T17:47:30.461] [WARN] default - 没有正在执行的任务
[2019-05-08T17:47:30.897] [WARN] default - 没有等待执行的任务
[2019-05-08T17:47:40.432] [WARN] default - 没有正在执行的任务
[2019-05-08T17:47:40.868] [WARN] default - 没有等待执行的任务
[2019-05-08T17:47:50.424] [WARN] default - 没有正在执行的任务
[2019-05-08T17:47:50.858] [WARN] default - 没有等待执行的任务
[2019-05-08T17:48:00.454] [WARN] default - 没有正在执行的任务
[2019-05-08T17:48:00.891] [WARN] default - 没有等待执行的任务
[2019-05-08T17:48:10.530] [WARN] default - 没有正在执行的任务
[2019-05-08T17:48:10.964] [WARN] default - 没有等待执行的任务
[2019-05-08T17:48:20.468] [WARN] default - 没有正在执行的任务
[2019-05-08T17:48:20.912] [WARN] default - 没有等待执行的任务
[2019-05-08T17:48:30.467] [WARN] default - 没有正在执行的任务
[2019-05-08T17:48:30.931] [WARN] default - 没有等待执行的任务
[2019-05-08T17:48:40.457] [WARN] default - 没有正在执行的任务
[2019-05-08T17:48:41.249] [WARN] default - 没有等待执行的任务
[2019-05-08T17:48:50.439] [WARN] default - 没有正在执行的任务
[2019-05-08T17:48:50.893] [WARN] default - 没有等待执行的任务
[2019-05-08T17:49:00.523] [WARN] default - 没有正在执行的任务
[2019-05-08T17:49:00.961] [WARN] default - 没有等待执行的任务
[2019-05-08T17:49:10.791] [WARN] default - 没有正在执行的任务
[2019-05-08T17:49:11.263] [WARN] default - 没有等待执行的任务
[2019-05-08T17:49:20.457] [WARN] default - 没有正在执行的任务
[2019-05-08T17:49:20.905] [WARN] default - 没有等待执行的任务
[2019-05-08T17:49:30.464] [WARN] default - 没有正在执行的任务
[2019-05-08T17:49:30.942] [WARN] default - 没有等待执行的任务
[2019-05-08T17:49:40.429] [WARN] default - 没有正在执行的任务
[2019-05-08T17:49:40.901] [WARN] default - 没有等待执行的任务
[2019-05-08T17:49:50.437] [WARN] default - 没有正在执行的任务
[2019-05-08T17:49:50.881] [WARN] default - 没有等待执行的任务
[2019-05-08T17:50:00.428] [WARN] default - 没有正在执行的任务
[2019-05-08T17:50:00.865] [WARN] default - 没有等待执行的任务
[2019-05-08T17:50:10.426] [WARN] default - 没有正在执行的任务
[2019-05-08T17:50:10.867] [WARN] default - 没有等待执行的任务
[2019-05-08T17:50:20.595] [WARN] default - 没有正在执行的任务
[2019-05-08T17:50:21.067] [WARN] default - 没有等待执行的任务
[2019-05-08T17:50:30.477] [WARN] default - 没有正在执行的任务
[2019-05-08T17:50:30.904] [WARN] default - 没有等待执行的任务
[2019-05-08T17:50:40.434] [WARN] default - 没有正在执行的任务
[2019-05-08T17:50:40.875] [WARN] default - 没有等待执行的任务
[2019-05-08T17:50:50.938] [WARN] default - 没有正在执行的任务
[2019-05-08T17:50:51.381] [WARN] default - 没有等待执行的任务
[2019-05-08T17:51:00.445] [WARN] default - 没有正在执行的任务
[2019-05-08T17:51:00.891] [WARN] default - 没有等待执行的任务
[2019-05-08T17:51:10.559] [WARN] default - 没有正在执行的任务
[2019-05-08T17:51:11.083] [WARN] default - 没有等待执行的任务
[2019-05-08T17:51:20.513] [WARN] default - 没有正在执行的任务
[2019-05-08T17:51:21.056] [WARN] default - 没有等待执行的任务
[2019-05-08T17:51:30.447] [WARN] default - 没有正在执行的任务
[2019-05-08T17:51:30.881] [WARN] default - 没有等待执行的任务
[2019-05-08T17:51:40.479] [WARN] default - 没有正在执行的任务
[2019-05-08T17:51:40.924] [WARN] default - 没有等待执行的任务
[2019-05-08T17:51:50.496] [WARN] default - 没有正在执行的任务
[2019-05-08T17:51:50.940] [WARN] default - 没有等待执行的任务
[2019-05-08T17:52:00.523] [WARN] default - 没有正在执行的任务
[2019-05-08T17:52:00.983] [WARN] default - 没有等待执行的任务
[2019-05-08T17:52:10.479] [WARN] default - 没有正在执行的任务
[2019-05-08T17:52:10.933] [WARN] default - 没有等待执行的任务
[2019-05-08T17:52:20.467] [WARN] default - 没有正在执行的任务
[2019-05-08T17:52:21.059] [WARN] default - 没有等待执行的任务
[2019-05-08T17:52:30.464] [WARN] default - 没有正在执行的任务
[2019-05-08T17:52:30.907] [WARN] default - 没有等待执行的任务
[2019-05-08T17:52:40.468] [WARN] default - 没有正在执行的任务
[2019-05-08T17:52:40.912] [WARN] default - 没有等待执行的任务
[2019-05-08T17:52:50.712] [WARN] default - 没有正在执行的任务
[2019-05-08T17:52:51.159] [WARN] default - 没有等待执行的任务
[2019-05-08T17:53:00.447] [WARN] default - 没有正在执行的任务
[2019-05-08T17:53:00.903] [WARN] default - 没有等待执行的任务
[2019-05-08T17:53:10.423] [WARN] default - 没有正在执行的任务
[2019-05-08T17:53:10.854] [WARN] default - 没有等待执行的任务
[2019-05-08T17:53:20.608] [WARN] default - 没有正在执行的任务
[2019-05-08T17:53:21.206] [WARN] default - 没有等待执行的任务
[2019-05-08T17:53:30.511] [WARN] default - 没有正在执行的任务
[2019-05-08T17:53:30.939] [WARN] default - 没有等待执行的任务
[2019-05-08T17:53:40.423] [WARN] default - 没有正在执行的任务
[2019-05-08T17:53:40.856] [WARN] default - 没有等待执行的任务
[2019-05-08T17:53:50.440] [WARN] default - 没有正在执行的任务
[2019-05-08T17:53:50.866] [WARN] default - 没有等待执行的任务
[2019-05-08T17:54:00.473] [WARN] default - 没有正在执行的任务
[2019-05-08T17:54:00.915] [WARN] default - 没有等待执行的任务
[2019-05-08T17:54:10.559] [WARN] default - 没有正在执行的任务
[2019-05-08T17:54:11.000] [WARN] default - 没有等待执行的任务
[2019-05-08T17:54:20.440] [WARN] default - 没有正在执行的任务
[2019-05-08T17:54:20.885] [WARN] default - 没有等待执行的任务
[2019-05-08T17:54:30.842] [WARN] default - 没有正在执行的任务
[2019-05-08T17:54:31.282] [WARN] default - 没有等待执行的任务
[2019-05-08T17:54:40.449] [WARN] default - 没有正在执行的任务
[2019-05-08T17:54:40.894] [WARN] default - 没有等待执行的任务
[2019-05-08T17:54:50.486] [WARN] default - 没有正在执行的任务
[2019-05-08T17:54:50.943] [WARN] default - 没有等待执行的任务
[2019-05-08T17:55:00.453] [WARN] default - 没有正在执行的任务
[2019-05-08T17:55:00.889] [WARN] default - 没有等待执行的任务
[2019-05-08T17:55:10.510] [WARN] default - 没有正在执行的任务
[2019-05-08T17:55:10.944] [WARN] default - 没有等待执行的任务
[2019-05-08T17:55:20.554] [WARN] default - 没有正在执行的任务
[2019-05-08T17:55:20.991] [WARN] default - 没有等待执行的任务
[2019-05-08T17:55:30.478] [WARN] default - 没有正在执行的任务
[2019-05-08T17:55:30.940] [WARN] default - 没有等待执行的任务
[2019-05-08T17:55:40.428] [WARN] default - 没有正在执行的任务
[2019-05-08T17:55:40.910] [WARN] default - 没有等待执行的任务
[2019-05-08T17:55:50.522] [WARN] default - 没有正在执行的任务
[2019-05-08T17:55:51.021] [WARN] default - 没有等待执行的任务
[2019-05-08T17:56:00.461] [WARN] default - 没有正在执行的任务
[2019-05-08T17:56:00.908] [WARN] default - 没有等待执行的任务
[2019-05-08T17:56:10.449] [WARN] default - 没有正在执行的任务
[2019-05-08T17:56:10.917] [WARN] default - 没有等待执行的任务
[2019-05-08T17:56:20.435] [WARN] default - 没有正在执行的任务
[2019-05-08T17:56:20.929] [WARN] default - 没有等待执行的任务
[2019-05-08T17:56:30.444] [WARN] default - 没有正在执行的任务
[2019-05-08T17:56:30.876] [WARN] default - 没有等待执行的任务
[2019-05-08T17:56:40.474] [WARN] default - 没有正在执行的任务
[2019-05-08T17:56:40.922] [WARN] default - 没有等待执行的任务
[2019-05-08T17:56:50.445] [WARN] default - 没有正在执行的任务
[2019-05-08T17:56:50.884] [WARN] default - 没有等待执行的任务
[2019-05-08T17:57:00.423] [WARN] default - 没有正在执行的任务
[2019-05-08T17:57:00.855] [WARN] default - 没有等待执行的任务
[2019-05-08T17:57:10.590] [WARN] default - 没有正在执行的任务
[2019-05-08T17:57:11.021] [WARN] default - 没有等待执行的任务
[2019-05-08T17:57:20.435] [WARN] default - 没有正在执行的任务
[2019-05-08T17:57:20.880] [WARN] default - 没有等待执行的任务
[2019-05-08T17:57:30.426] [WARN] default - 没有正在执行的任务
[2019-05-08T17:57:30.863] [WARN] default - 没有等待执行的任务
[2019-05-08T17:57:40.431] [WARN] default - 没有正在执行的任务
[2019-05-08T17:57:40.850] [WARN] default - 没有等待执行的任务
[2019-05-08T17:57:50.445] [WARN] default - 没有正在执行的任务
[2019-05-08T17:57:50.888] [WARN] default - 没有等待执行的任务
[2019-05-08T17:58:00.434] [WARN] default - 没有正在执行的任务
[2019-05-08T17:58:00.886] [WARN] default - 没有等待执行的任务
[2019-05-08T17:58:10.450] [WARN] default - 没有正在执行的任务
[2019-05-08T17:58:10.892] [WARN] default - 没有等待执行的任务
[2019-05-08T17:58:20.427] [WARN] default - 没有正在执行的任务
[2019-05-08T17:58:20.860] [WARN] default - 没有等待执行的任务
[2019-05-08T17:58:30.502] [WARN] default - 没有正在执行的任务
[2019-05-08T17:58:30.974] [WARN] default - 没有等待执行的任务
[2019-05-08T17:58:40.431] [WARN] default - 没有正在执行的任务
[2019-05-08T17:58:40.888] [WARN] default - 没有等待执行的任务
[2019-05-08T17:58:50.434] [WARN] default - 没有正在执行的任务
[2019-05-08T17:58:50.871] [WARN] default - 没有等待执行的任务
[2019-05-08T17:59:00.434] [WARN] default - 没有正在执行的任务
[2019-05-08T17:59:00.869] [WARN] default - 没有等待执行的任务
[2019-05-08T17:59:10.419] [WARN] default - 没有正在执行的任务
[2019-05-08T17:59:10.847] [WARN] default - 没有等待执行的任务
[2019-05-08T17:59:20.442] [WARN] default - 没有正在执行的任务
[2019-05-08T17:59:20.873] [WARN] default - 没有等待执行的任务
[2019-05-08T17:59:30.428] [WARN] default - 没有正在执行的任务
[2019-05-08T17:59:30.871] [WARN] default - 没有等待执行的任务
[2019-05-08T17:59:40.428] [WARN] default - 没有正在执行的任务
[2019-05-08T17:59:40.864] [WARN] default - 没有等待执行的任务
[2019-05-08T17:59:50.467] [WARN] default - 没有正在执行的任务
[2019-05-08T17:59:50.888] [WARN] default - 没有等待执行的任务
[2019-05-08T18:00:00.426] [WARN] default - 没有正在执行的任务
[2019-05-08T18:00:00.877] [WARN] default - 没有等待执行的任务
[2019-05-08T18:00:10.540] [WARN] default - 没有正在执行的任务
[2019-05-08T18:00:11.027] [WARN] default - 没有等待执行的任务
[2019-05-08T18:00:20.450] [WARN] default - 没有正在执行的任务
[2019-05-08T18:00:20.872] [WARN] default - 没有等待执行的任务
[2019-05-08T18:00:30.476] [WARN] default - 没有正在执行的任务
[2019-05-08T18:00:34.938] [WARN] default - 没有等待执行的任务
[2019-05-08T18:00:40.513] [WARN] default - 没有正在执行的任务
[2019-05-08T18:00:40.954] [WARN] default - 没有等待执行的任务
[2019-05-08T18:00:50.434] [WARN] default - 没有正在执行的任务
[2019-05-08T18:00:50.862] [WARN] default - 没有等待执行的任务
[2019-05-08T18:01:00.441] [WARN] default - 没有正在执行的任务
[2019-05-08T18:01:00.903] [WARN] default - 没有等待执行的任务
[2019-05-08T18:01:10.453] [WARN] default - 没有正在执行的任务
[2019-05-08T18:01:10.913] [WARN] default - 没有等待执行的任务
[2019-05-08T18:01:20.481] [WARN] default - 没有正在执行的任务
[2019-05-08T18:01:20.946] [WARN] default - 没有等待执行的任务
[2019-05-08T18:01:31.369] [WARN] default - 没有正在执行的任务
[2019-05-08T18:01:31.816] [WARN] default - 没有等待执行的任务
[2019-05-08T18:01:41.377] [WARN] default - 没有正在执行的任务
[2019-05-08T18:01:41.823] [WARN] default - 没有等待执行的任务
[2019-05-08T18:01:57.360] [WARN] default - 没有正在执行的任务
[2019-05-08T18:01:58.733] [WARN] default - 没有等待执行的任务
[2019-05-08T18:02:09.494] [WARN] default - 没有正在执行的任务
[2019-05-08T18:02:13.824] [WARN] default - 没有正在执行的任务
[2019-05-08T18:02:20.169] [WARN] default - 没有等待执行的任务
[2019-05-08T18:02:20.426] [WARN] default - 没有正在执行的任务
[2019-05-08T18:02:24.173] [WARN] default - 没有等待执行的任务
[2019-05-08T19:29:20.466] [WARN] default - 没有正在执行的任务
[2019-05-08T19:29:20.914] [WARN] default - 没有等待执行的任务
[2019-05-08T19:29:30.461] [WARN] default - 没有正在执行的任务
[2019-05-08T19:29:30.957] [WARN] default - 没有等待执行的任务
[2019-05-08T19:29:40.485] [WARN] default - 没有正在执行的任务
[2019-05-08T19:29:41.250] [WARN] default - 开始执行任务24
[2019-05-08T19:29:50.559] [WARN] default - 有一个任务正在执行
[2019-05-08T19:30:00.640] [WARN] default - 有一个任务正在执行
[2019-05-08T19:30:10.778] [WARN] default - 有一个任务正在执行
[2019-05-08T19:30:20.692] [WARN] default - 有一个任务正在执行
[2019-05-08T19:30:30.454] [WARN] default - 有一个任务正在执行
[2019-05-08T19:30:40.461] [WARN] default - 有一个任务正在执行
[2019-05-08T19:30:50.496] [WARN] default - 有一个任务正在执行
[2019-05-08T19:31:00.464] [WARN] default - 有一个任务正在执行
[2019-05-08T19:31:10.447] [WARN] default - 有一个任务正在执行
[2019-05-08T19:31:20.726] [WARN] default - 有一个任务正在执行
[2019-05-08T19:31:30.163] [WARN] default - 24号任务正在执行
[2019-05-08T19:31:30.613] [WARN] default - 停止24号任务
[2019-05-08T19:31:40.461] [WARN] default - 没有正在执行的任务
[2019-05-08T19:31:41.006] [WARN] default - 开始执行任务24
[2019-05-08T19:31:50.456] [WARN] default - 有一个任务正在执行
[2019-05-08T19:32:00.522] [WARN] default - 有一个任务正在执行
[2019-05-08T19:32:10.471] [WARN] default - 有一个任务正在执行
[2019-05-08T19:32:38.637] [WARN] default - 24号任务正在执行
[2019-05-08T19:32:39.069] [WARN] default - 停止24号任务
[2019-05-08T19:32:40.467] [WARN] default - 没有正在执行的任务
[2019-05-08T19:32:40.959] [WARN] default - 开始执行任务24
[2019-05-08T19:32:50.562] [WARN] default - 有一个任务正在执行
[2019-05-08T19:33:00.657] [WARN] default - 有一个任务正在执行
[2019-05-08T19:33:10.600] [WARN] default - 有一个任务正在执行
[2019-05-08T19:33:21.022] [WARN] default - 有一个任务正在执行
[2019-05-08T19:33:30.650] [WARN] default - 有一个任务正在执行
[2019-05-08T19:33:40.469] [WARN] default - 有一个任务正在执行
[2019-05-08T19:33:50.476] [WARN] default - 有一个任务正在执行
[2019-05-08T19:34:00.493] [WARN] default - 有一个任务正在执行
[2019-05-08T19:34:10.452] [WARN] default - 有一个任务正在执行
[2019-05-08T19:34:20.455] [WARN] default - 有一个任务正在执行
[2019-05-08T19:34:30.440] [WARN] default - 有一个任务正在执行
[2019-05-08T19:34:37.600] [WARN] default - 24号任务正在执行
[2019-05-08T19:34:38.313] [WARN] default - 停止24号任务
[2019-05-08T19:34:40.464] [WARN] default - 没有正在执行的任务
[2019-05-08T19:34:40.981] [WARN] default - 开始执行任务24
[2019-05-08T19:34:50.466] [WARN] default - 没有正在执行的任务
[2019-05-08T19:34:50.906] [WARN] default - 没有等待执行的任务
[2019-05-08T19:35:00.463] [WARN] default - 没有正在执行的任务
[2019-05-08T19:35:00.907] [WARN] default - 没有等待执行的任务
[2019-05-08T19:35:10.522] [WARN] default - 没有正在执行的任务
[2019-05-08T19:35:10.984] [WARN] default - 没有等待执行的任务
[2019-05-08T19:35:20.464] [WARN] default - 没有正在执行的任务
[2019-05-08T19:35:20.914] [WARN] default - 没有等待执行的任务
[2019-05-08T19:35:30.459] [WARN] default - 没有正在执行的任务
[2019-05-08T19:35:30.903] [WARN] default - 没有等待执行的任务
[2019-05-08T19:35:40.458] [WARN] default - 没有正在执行的任务
[2019-05-08T19:35:40.939] [WARN] default - 开始执行任务24
[2019-05-08T19:35:50.535] [WARN] default - 没有正在执行的任务
[2019-05-08T19:35:50.986] [WARN] default - 开始执行任务25
[2019-05-08T19:36:00.635] [WARN] default - 没有正在执行的任务
[2019-05-08T19:36:01.090] [WARN] default - 没有等待执行的任务
[2019-05-08T19:36:10.672] [WARN] default - 没有正在执行的任务
[2019-05-08T19:36:11.142] [WARN] default - 没有等待执行的任务
[2019-05-08T19:36:20.451] [WARN] default - 没有正在执行的任务
[2019-05-08T19:36:20.910] [WARN] default - 没有等待执行的任务
[2019-05-08T19:36:30.468] [WARN] default - 没有正在执行的任务
[2019-05-08T19:36:30.968] [WARN] default - 没有等待执行的任务
[2019-05-09T14:43:10.465] [WARN] default - 没有正在执行的任务
[2019-05-09T14:43:11.045] [WARN] default - 没有等待执行的任务
[2019-05-09T14:43:20.461] [WARN] default - 没有正在执行的任务
[2019-05-09T14:43:20.906] [WARN] default - 没有等待执行的任务
[2019-05-09T14:43:30.423] [WARN] default - 没有正在执行的任务
[2019-05-09T14:43:30.854] [WARN] default - 没有等待执行的任务
[2019-05-09T14:43:40.407] [WARN] default - 没有正在执行的任务
[2019-05-09T14:43:40.939] [WARN] default - 没有等待执行的任务
[2019-05-09T14:43:50.447] [WARN] default - 没有正在执行的任务
[2019-05-09T14:43:50.950] [WARN] default - 开始执行任务24
[2019-05-09T14:44:00.440] [WARN] default - 没有正在执行的任务
[2019-05-09T14:44:00.867] [WARN] default - 没有等待执行的任务
[2019-05-09T14:44:10.417] [WARN] default - 没有正在执行的任务
[2019-05-09T14:44:10.842] [WARN] default - 没有等待执行的任务
[2019-05-09T14:44:20.427] [WARN] default - 没有正在执行的任务
[2019-05-09T14:44:20.866] [WARN] default - 没有等待执行的任务
[2019-05-09T14:44:30.414] [WARN] default - 没有正在执行的任务
[2019-05-09T14:44:30.876] [WARN] default - 没有等待执行的任务
[2019-05-09T14:44:40.431] [WARN] default - 没有正在执行的任务
[2019-05-09T14:44:40.851] [WARN] default - 没有等待执行的任务
[2019-05-09T14:44:50.445] [WARN] default - 没有正在执行的任务
[2019-05-09T14:44:50.902] [WARN] default - 没有等待执行的任务
[2019-05-09T14:45:00.455] [WARN] default - 没有正在执行的任务
[2019-05-09T14:45:00.877] [WARN] default - 开始执行任务24
[2019-05-09T14:45:10.640] [WARN] default - 没有正在执行的任务
[2019-05-09T14:45:11.079] [WARN] default - 没有等待执行的任务
[2019-05-09T14:45:30.426] [WARN] default - 没有正在执行的任务
[2019-05-09T14:45:30.846] [WARN] default - 没有等待执行的任务
[2019-05-09T14:45:30.897] [WARN] default - 没有正在执行的任务
[2019-05-09T14:45:31.321] [WARN] default - 没有等待执行的任务
[2019-05-09T14:45:40.452] [WARN] default - 没有正在执行的任务
[2019-05-09T14:45:40.908] [WARN] default - 没有等待执行的任务
[2019-05-09T14:45:50.443] [WARN] default - 没有正在执行的任务
[2019-05-09T14:45:50.882] [WARN] default - 没有等待执行的任务
[2019-05-09T14:46:00.470] [WARN] default - 没有正在执行的任务
[2019-05-09T14:46:00.927] [WARN] default - 没有等待执行的任务
[2019-05-09T14:46:10.413] [WARN] default - 没有正在执行的任务
[2019-05-09T14:46:10.863] [WARN] default - 没有等待执行的任务
[2019-05-09T14:46:23.493] [WARN] default - 没有正在执行的任务
[2019-05-09T14:46:23.960] [WARN] default - 没有等待执行的任务
[2019-05-09T14:46:30.490] [WARN] default - 没有正在执行的任务
[2019-05-09T14:46:31.117] [WARN] default - 没有等待执行的任务
[2019-05-09T14:46:40.419] [WARN] default - 没有正在执行的任务
[2019-05-09T14:46:40.847] [WARN] default - 没有等待执行的任务
[2019-05-09T14:46:50.417] [WARN] default - 没有正在执行的任务
[2019-05-09T14:46:50.847] [WARN] default - 没有等待执行的任务
[2019-05-09T14:47:00.446] [WARN] default - 没有正在执行的任务
[2019-05-09T14:47:00.889] [WARN] default - 没有等待执行的任务
[2019-05-09T14:47:10.495] [WARN] default - 没有正在执行的任务
[2019-05-09T14:47:10.942] [WARN] default - 没有等待执行的任务
[2019-05-09T14:47:20.434] [WARN] default - 没有正在执行的任务
[2019-05-09T14:47:20.902] [WARN] default - 没有等待执行的任务
[2019-05-09T14:47:30.496] [WARN] default - 没有正在执行的任务
[2019-05-09T14:47:30.934] [WARN] default - 没有等待执行的任务
[2019-05-09T14:47:43.505] [WARN] default - 没有正在执行的任务
[2019-05-09T14:47:43.962] [WARN] default - 开始执行任务24
[2019-05-09T14:47:50.450] [WARN] default - 没有正在执行的任务
[2019-05-09T14:47:50.907] [WARN] default - 没有等待执行的任务
[2019-05-09T14:48:00.517] [WARN] default - 没有正在执行的任务
[2019-05-09T14:48:00.989] [WARN] default - 没有等待执行的任务
[2019-05-09T14:48:20.520] [WARN] default - 没有正在执行的任务
[2019-05-09T14:48:21.089] [WARN] default - 没有等待执行的任务
[2019-05-09T14:48:30.462] [WARN] default - 没有正在执行的任务
[2019-05-09T14:48:31.022] [WARN] default - 开始执行任务24
[2019-05-09T14:48:40.438] [WARN] default - 没有正在执行的任务
[2019-05-09T14:48:40.897] [WARN] default - 没有等待执行的任务
[2019-05-09T14:48:50.432] [WARN] default - 没有正在执行的任务
[2019-05-09T14:48:50.873] [WARN] default - 没有等待执行的任务
[2019-05-09T14:49:00.444] [WARN] default - 没有正在执行的任务
[2019-05-09T14:49:00.935] [WARN] default - 没有等待执行的任务
[2019-05-09T14:49:10.430] [WARN] default - 没有正在执行的任务
[2019-05-09T14:49:10.893] [WARN] default - 没有等待执行的任务
[2019-05-09T14:49:20.440] [WARN] default - 没有正在执行的任务
[2019-05-09T14:49:20.902] [WARN] default - 没有等待执行的任务
[2019-05-09T14:49:30.449] [WARN] default - 没有正在执行的任务
[2019-05-09T14:49:30.918] [WARN] default - 没有等待执行的任务
[2019-05-09T14:49:40.447] [WARN] default - 没有正在执行的任务
[2019-05-09T14:49:40.888] [WARN] default - 没有等待执行的任务
[2019-05-09T14:49:50.465] [WARN] default - 没有正在执行的任务
[2019-05-09T14:49:50.926] [WARN] default - 没有等待执行的任务
[2019-05-09T14:50:00.439] [WARN] default - 没有正在执行的任务
[2019-05-09T14:50:00.875] [WARN] default - 没有等待执行的任务
[2019-05-09T14:50:20.412] [WARN] default - 没有正在执行的任务
[2019-05-09T14:50:20.843] [WARN] default - 没有等待执行的任务
[2019-05-09T14:50:30.419] [WARN] default - 没有正在执行的任务
[2019-05-09T14:50:30.932] [WARN] default - 开始执行任务24
[2019-05-09T14:50:40.464] [WARN] default - 没有正在执行的任务
[2019-05-09T14:50:40.913] [WARN] default - 没有等待执行的任务
[2019-05-09T14:50:50.475] [WARN] default - 没有正在执行的任务
[2019-05-09T14:50:50.948] [WARN] default - 没有等待执行的任务
[2019-05-09T14:51:00.470] [WARN] default - 没有正在执行的任务
[2019-05-09T14:51:00.887] [WARN] default - 没有等待执行的任务
[2019-05-09T14:51:10.656] [WARN] default - 没有正在执行的任务
[2019-05-09T14:51:11.089] [WARN] default - 没有等待执行的任务
[2019-05-09T14:51:20.496] [WARN] default - 没有正在执行的任务
[2019-05-09T14:51:21.076] [WARN] default - 没有等待执行的任务
[2019-05-09T14:51:30.425] [WARN] default - 没有正在执行的任务
[2019-05-09T14:51:30.863] [WARN] default - 没有等待执行的任务
[2019-05-09T14:51:40.507] [WARN] default - 没有正在执行的任务
[2019-05-09T14:51:40.937] [WARN] default - 没有等待执行的任务
[2019-05-09T14:51:50.432] [WARN] default - 没有正在执行的任务
[2019-05-09T14:51:50.843] [WARN] default - 没有等待执行的任务
[2019-05-09T14:52:00.426] [WARN] default - 没有正在执行的任务
[2019-05-09T14:52:00.842] [WARN] default - 没有等待执行的任务
[2019-05-09T14:52:10.440] [WARN] default - 没有正在执行的任务
[2019-05-09T14:52:10.876] [WARN] default - 没有等待执行的任务
[2019-05-09T14:52:20.436] [WARN] default - 没有正在执行的任务
[2019-05-09T14:52:20.868] [WARN] default - 没有等待执行的任务
[2019-05-09T14:52:30.410] [WARN] default - 没有正在执行的任务
[2019-05-09T14:52:31.151] [WARN] default - 没有等待执行的任务
[2019-05-09T14:52:40.420] [WARN] default - 没有正在执行的任务
[2019-05-09T14:52:40.863] [WARN] default - 开始执行任务24
[2019-05-09T14:52:50.432] [WARN] default - 没有正在执行的任务
[2019-05-09T14:52:50.857] [WARN] default - 没有等待执行的任务
[2019-05-09T14:53:00.450] [WARN] default - 没有正在执行的任务
[2019-05-09T14:53:00.910] [WARN] default - 没有等待执行的任务
[2019-05-09T14:53:10.462] [WARN] default - 没有正在执行的任务
[2019-05-09T14:53:10.894] [WARN] default - 没有等待执行的任务
[2019-05-09T14:53:20.422] [WARN] default - 没有正在执行的任务
[2019-05-09T14:53:20.916] [WARN] default - 开始执行任务24
[2019-05-09T14:53:30.452] [WARN] default - 没有正在执行的任务
[2019-05-09T14:53:30.883] [WARN] default - 没有等待执行的任务
[2019-05-09T14:53:40.425] [WARN] default - 没有正在执行的任务
[2019-05-09T14:53:40.863] [WARN] default - 没有等待执行的任务
[2019-05-09T14:53:50.458] [WARN] default - 没有正在执行的任务
[2019-05-09T14:53:50.885] [WARN] default - 没有等待执行的任务
[2019-05-09T14:54:00.467] [WARN] default - 没有正在执行的任务
[2019-05-09T14:54:00.886] [WARN] default - 开始执行任务24
[2019-05-09T14:55:43.477] [WARN] default - 没有正在执行的任务
[2019-05-09T14:55:44.102] [WARN] default - 开始执行任务25
[2019-05-09T14:55:50.463] [WARN] default - 有一个任务正在执行
[2019-05-09T14:56:00.449] [WARN] default - 有一个任务正在执行
[2019-05-09T14:56:10.414] [WARN] default - 有一个任务正在执行
[2019-05-14T16:51:30.466] [WARN] default - 没有正在执行的任务
[2019-05-14T16:51:30.987] [WARN] default - 开始执行任务27
[2019-05-14T16:51:51.672] [WARN] default - 27号任务正在执行
[2019-05-14T16:51:52.137] [WARN] default - 停止27号任务
[2019-05-14T16:52:00.470] [WARN] default - 没有正在执行的任务
[2019-05-14T16:52:00.956] [WARN] default - 开始执行任务27
[2019-05-14T16:52:50.598] [WARN] default - 没有正在执行的任务
[2019-05-14T16:52:51.055] [WARN] default - 没有等待执行的任务
[2019-05-14T16:55:20.479] [WARN] default - 没有正在执行的任务
[2019-05-14T16:55:40.458] [WARN] default - 没有正在执行的任务
[2019-05-14T16:56:30.434] [WARN] default - 没有正在执行的任务
[2019-05-14T16:57:00.471] [WARN] default - 没有正在执行的任务
[2019-05-14T16:57:40.473] [WARN] default - 没有正在执行的任务
[2019-05-14T16:57:40.954] [WARN] default - 开始执行任务70
[2019-05-14T16:59:41.220] [WARN] default - 70号任务正在执行
[2019-05-14T16:59:41.651] [WARN] default - 停止70号任务
[2019-05-14T16:59:50.427] [WARN] default - 没有正在执行的任务
[2019-05-14T16:59:50.891] [WARN] default - 开始执行任务70
[2019-05-14T17:01:40.076] [WARN] default - 70号任务正在执行
[2019-05-14T17:01:40.500] [WARN] default - 停止70号任务
[2019-05-14T17:01:50.461] [WARN] default - 没有正在执行的任务
[2019-05-14T17:01:50.924] [WARN] default - 开始执行任务70
[2019-05-14T17:02:00.429] [WARN] default - 有一个任务正在执行
[2019-05-14T17:02:10.535] [WARN] default - 70号任务正在执行
[2019-05-14T17:02:10.972] [WARN] default - 停止70号任务
[2019-05-14T17:02:20.428] [WARN] default - 没有正在执行的任务
[2019-05-14T17:02:20.908] [WARN] default - 开始执行任务70
[2019-05-14T17:03:23.696] [WARN] default - 70号任务正在执行
[2019-05-14T17:03:24.153] [WARN] default - 停止70号任务
[2019-05-14T17:03:30.435] [WARN] default - 没有正在执行的任务
[2019-05-14T17:03:31.006] [WARN] default - 开始执行任务70
[2019-05-14T17:03:40.496] [WARN] default - 有一个任务正在执行
[2019-05-14T17:03:50.436] [WARN] default - 有一个任务正在执行
[2019-05-14T17:04:00.445] [WARN] default - 有一个任务正在执行
[2019-05-14T17:04:52.426] [WARN] default - 70号任务正在执行
[2019-05-14T17:04:52.935] [WARN] default - 停止70号任务
[2019-05-14T17:05:00.460] [WARN] default - 没有正在执行的任务
[2019-05-14T17:05:00.951] [WARN] default - 开始执行任务70
[2019-05-14T17:05:18.451] [WARN] default - 70号任务正在执行
[2019-05-14T17:05:18.914] [WARN] default - 停止70号任务
[2019-05-14T17:05:20.474] [WARN] default - 没有正在执行的任务
[2019-05-14T17:05:20.993] [WARN] default - 开始执行任务70
